{"C:\\Users\\frois\\Desktop\\memo\\apps\\api\\src\\services\\auth.service.ts": {"path":"C:\\Users\\frois\\Desktop\\memo\\apps\\api\\src\\services\\auth.service.ts","statementMap":{"0":{"start":{"line":30,"column":8},"end":{"line":30,"column":null}},"1":{"start":{"line":28,"column":15},"end":{"line":28,"column":null}},"2":{"start":{"line":31,"column":8},"end":{"line":31,"column":null}},"3":{"start":{"line":35,"column":28},"end":{"line":39,"column":null}},"4":{"start":{"line":36,"column":4},"end":{"line":38,"column":null}},"5":{"start":{"line":41,"column":27},"end":{"line":51,"column":null}},"6":{"start":{"line":42,"column":22},"end":{"line":42,"column":null}},"7":{"start":{"line":43,"column":4},"end":{"line":43,"column":null}},"8":{"start":{"line":45,"column":18},"end":{"line":48,"column":null}},"9":{"start":{"line":50,"column":4},"end":{"line":50,"column":null}},"10":{"start":{"line":53,"column":19},"end":{"line":58,"column":null}},"11":{"start":{"line":53,"column":98},"end":{"line":58,"column":null}},"12":{"start":{"line":60,"column":27},"end":{"line":137,"column":null}},"13":{"start":{"line":62,"column":42},"end":{"line":62,"column":null}},"14":{"start":{"line":64,"column":23},"end":{"line":64,"column":null}},"15":{"start":{"line":65,"column":8},"end":{"line":67,"column":null}},"16":{"start":{"line":66,"column":12},"end":{"line":66,"column":null}},"17":{"start":{"line":69,"column":29},"end":{"line":69,"column":null}},"18":{"start":{"line":71,"column":21},"end":{"line":75,"column":null}},"19":{"start":{"line":77,"column":28},"end":{"line":77,"column":null}},"20":{"start":{"line":78,"column":29},"end":{"line":78,"column":null}},"21":{"start":{"line":80,"column":8},"end":{"line":84,"column":null}},"22":{"start":{"line":88,"column":36},"end":{"line":88,"column":null}},"23":{"start":{"line":90,"column":21},"end":{"line":90,"column":null}},"24":{"start":{"line":91,"column":8},"end":{"line":93,"column":null}},"25":{"start":{"line":92,"column":12},"end":{"line":92,"column":null}},"26":{"start":{"line":95,"column":32},"end":{"line":95,"column":null}},"27":{"start":{"line":96,"column":8},"end":{"line":98,"column":null}},"28":{"start":{"line":97,"column":12},"end":{"line":97,"column":null}},"29":{"start":{"line":100,"column":28},"end":{"line":100,"column":null}},"30":{"start":{"line":101,"column":29},"end":{"line":101,"column":null}},"31":{"start":{"line":103,"column":8},"end":{"line":107,"column":null}},"32":{"start":{"line":111,"column":28},"end":{"line":111,"column":null}},"33":{"start":{"line":113,"column":8},"end":{"line":115,"column":null}},"34":{"start":{"line":114,"column":12},"end":{"line":114,"column":null}},"35":{"start":{"line":117,"column":8},"end":{"line":120,"column":null}},"36":{"start":{"line":118,"column":12},"end":{"line":118,"column":null}},"37":{"start":{"line":119,"column":12},"end":{"line":119,"column":null}},"38":{"start":{"line":122,"column":28},"end":{"line":122,"column":null}},"39":{"start":{"line":124,"column":8},"end":{"line":127,"column":null}},"40":{"start":{"line":131,"column":8},"end":{"line":131,"column":null}},"41":{"start":{"line":135,"column":8},"end":{"line":135,"column":null}}},"fnMap":{"0":{"name":"(anonymous_0)","decl":{"start":{"line":26,"column":4},"end":{"line":26,"column":null}},"loc":{"start":{"line":29,"column":6},"end":{"line":32,"column":null}},"line":29},"1":{"name":"(anonymous_1)","decl":{"start":{"line":35,"column":28},"end":{"line":35,"column":29}},"loc":{"start":{"line":35,"column":56},"end":{"line":39,"column":null}},"line":35},"2":{"name":"(anonymous_2)","decl":{"start":{"line":41,"column":27},"end":{"line":41,"column":34}},"loc":{"start":{"line":41,"column":70},"end":{"line":51,"column":null}},"line":41},"3":{"name":"(anonymous_3)","decl":{"start":{"line":53,"column":19},"end":{"line":53,"column":20}},"loc":{"start":{"line":53,"column":98},"end":{"line":58,"column":null}},"line":53},"4":{"name":"(anonymous_4)","decl":{"start":{"line":61,"column":10},"end":{"line":61,"column":19}},"loc":{"start":{"line":61,"column":61},"end":{"line":85,"column":null}},"line":61},"5":{"name":"(anonymous_5)","decl":{"start":{"line":87,"column":10},"end":{"line":87,"column":16}},"loc":{"start":{"line":87,"column":55},"end":{"line":108,"column":null}},"line":87},"6":{"name":"(anonymous_6)","decl":{"start":{"line":110,"column":10},"end":{"line":110,"column":18}},"loc":{"start":{"line":110,"column":86},"end":{"line":128,"column":null}},"line":110},"7":{"name":"(anonymous_7)","decl":{"start":{"line":130,"column":10},"end":{"line":130,"column":17}},"loc":{"start":{"line":130,"column":54},"end":{"line":132,"column":null}},"line":130},"8":{"name":"(anonymous_8)","decl":{"start":{"line":134,"column":10},"end":{"line":134,"column":20}},"loc":{"start":{"line":134,"column":51},"end":{"line":136,"column":null}},"line":134}},"branchMap":{"0":{"loc":{"start":{"line":65,"column":8},"end":{"line":67,"column":null}},"type":"if","locations":[{"start":{"line":65,"column":8},"end":{"line":67,"column":null}},{"start":{},"end":{}}],"line":65},"1":{"loc":{"start":{"line":91,"column":8},"end":{"line":93,"column":null}},"type":"if","locations":[{"start":{"line":91,"column":8},"end":{"line":93,"column":null}},{"start":{},"end":{}}],"line":91},"2":{"loc":{"start":{"line":96,"column":8},"end":{"line":98,"column":null}},"type":"if","locations":[{"start":{"line":96,"column":8},"end":{"line":98,"column":null}},{"start":{},"end":{}}],"line":96},"3":{"loc":{"start":{"line":113,"column":8},"end":{"line":115,"column":null}},"type":"if","locations":[{"start":{"line":113,"column":8},"end":{"line":115,"column":null}},{"start":{},"end":{}}],"line":113},"4":{"loc":{"start":{"line":117,"column":8},"end":{"line":120,"column":null}},"type":"if","locations":[{"start":{"line":117,"column":8},"end":{"line":120,"column":null}},{"start":{},"end":{}}],"line":117}},"s":{"0":0,"1":0,"2":0,"3":0,"4":0,"5":0,"6":0,"7":0,"8":0,"9":0,"10":0,"11":0,"12":0,"13":0,"14":0,"15":0,"16":0,"17":0,"18":0,"19":0,"20":0,"21":0,"22":0,"23":0,"24":0,"25":0,"26":0,"27":0,"28":0,"29":0,"30":0,"31":0,"32":0,"33":0,"34":0,"35":0,"36":0,"37":0,"38":0,"39":0,"40":0,"41":0},"f":{"0":0,"1":0,"2":0,"3":0,"4":0,"5":0,"6":0,"7":0,"8":0},"b":{"0":[0,0],"1":[0,0],"2":[0,0],"3":[0,0],"4":[0,0]},"meta":{"lastBranch":5,"lastFunction":9,"lastStatement":42,"seen":{"f:26:4:26:Infinity":0,"s:30:8:30:Infinity":0,"s:28:15:28:Infinity":1,"s:31:8:31:Infinity":2,"s:35:28:39:Infinity":3,"f:35:28:35:29":1,"s:36:4:38:Infinity":4,"s:41:27:51:Infinity":5,"f:41:27:41:34":2,"s:42:22:42:Infinity":6,"s:43:4:43:Infinity":7,"s:45:18:48:Infinity":8,"s:50:4:50:Infinity":9,"s:53:19:58:Infinity":10,"f:53:19:53:20":3,"s:53:98:58:Infinity":11,"s:60:27:137:Infinity":12,"f:61:10:61:19":4,"s:62:42:62:Infinity":13,"s:64:23:64:Infinity":14,"b:65:8:67:Infinity:undefined:undefined:undefined:undefined":0,"s:65:8:67:Infinity":15,"s:66:12:66:Infinity":16,"s:69:29:69:Infinity":17,"s:71:21:75:Infinity":18,"s:77:28:77:Infinity":19,"s:78:29:78:Infinity":20,"s:80:8:84:Infinity":21,"f:87:10:87:16":5,"s:88:36:88:Infinity":22,"s:90:21:90:Infinity":23,"b:91:8:93:Infinity:undefined:undefined:undefined:undefined":1,"s:91:8:93:Infinity":24,"s:92:12:92:Infinity":25,"s:95:32:95:Infinity":26,"b:96:8:98:Infinity:undefined:undefined:undefined:undefined":2,"s:96:8:98:Infinity":27,"s:97:12:97:Infinity":28,"s:100:28:100:Infinity":29,"s:101:29:101:Infinity":30,"s:103:8:107:Infinity":31,"f:110:10:110:18":6,"s:111:28:111:Infinity":32,"b:113:8:115:Infinity:undefined:undefined:undefined:undefined":3,"s:113:8:115:Infinity":33,"s:114:12:114:Infinity":34,"b:117:8:120:Infinity:undefined:undefined:undefined:undefined":4,"s:117:8:120:Infinity":35,"s:118:12:118:Infinity":36,"s:119:12:119:Infinity":37,"s:122:28:122:Infinity":38,"s:124:8:127:Infinity":39,"f:130:10:130:17":7,"s:131:8:131:Infinity":40,"f:134:10:134:20":8,"s:135:8:135:Infinity":41}}}
,"C:\\Users\\frois\\Desktop\\memo\\apps\\api\\src\\services\\matchmaking.service.ts": {"path":"C:\\Users\\frois\\Desktop\\memo\\apps\\api\\src\\services\\matchmaking.service.ts","statementMap":{"0":{"start":{"line":15,"column":18},"end":{"line":15,"column":null}},"1":{"start":{"line":16,"column":2},"end":{"line":16,"column":null}},"2":{"start":{"line":16,"column":16},"end":{"line":16,"column":null}},"3":{"start":{"line":18,"column":29},"end":{"line":18,"column":null}},"4":{"start":{"line":21,"column":18},"end":{"line":21,"column":null}},"5":{"start":{"line":22,"column":18},"end":{"line":22,"column":null}},"6":{"start":{"line":25,"column":2},"end":{"line":32,"column":null}},"7":{"start":{"line":26,"column":4},"end":{"line":26,"column":null}},"8":{"start":{"line":27,"column":4},"end":{"line":29,"column":null}},"9":{"start":{"line":28,"column":6},"end":{"line":28,"column":null}},"10":{"start":{"line":30,"column":4},"end":{"line":30,"column":null}},"11":{"start":{"line":31,"column":4},"end":{"line":31,"column":null}},"12":{"start":{"line":35,"column":2},"end":{"line":40,"column":null}},"13":{"start":{"line":36,"column":4},"end":{"line":36,"column":null}},"14":{"start":{"line":37,"column":4},"end":{"line":37,"column":null}},"15":{"start":{"line":38,"column":4},"end":{"line":38,"column":null}},"16":{"start":{"line":39,"column":4},"end":{"line":39,"column":null}},"17":{"start":{"line":43,"column":17},"end":{"line":43,"column":null}},"18":{"start":{"line":46,"column":2},"end":{"line":46,"column":null}},"19":{"start":{"line":49,"column":2},"end":{"line":49,"column":null}},"20":{"start":{"line":50,"column":2},"end":{"line":50,"column":null}},"21":{"start":{"line":52,"column":2},"end":{"line":52,"column":null}},"22":{"start":{"line":55,"column":2},"end":{"line":55,"column":null}},"23":{"start":{"line":56,"column":2},"end":{"line":56,"column":null}},"24":{"start":{"line":63,"column":2},"end":{"line":63,"column":null}},"25":{"start":{"line":76,"column":25},"end":{"line":76,"column":null}},"26":{"start":{"line":78,"column":2},"end":{"line":94,"column":null}},"27":{"start":{"line":80,"column":6},"end":{"line":84,"column":null}},"28":{"start":{"line":85,"column":6},"end":{"line":85,"column":null}},"29":{"start":{"line":88,"column":6},"end":{"line":92,"column":null}},"30":{"start":{"line":93,"column":6},"end":{"line":93,"column":null}},"31":{"start":{"line":106,"column":2},"end":{"line":106,"column":null}},"32":{"start":{"line":106,"column":15},"end":{"line":106,"column":null}},"33":{"start":{"line":108,"column":2},"end":{"line":117,"column":null}}},"fnMap":{"0":{"name":"attemptMatch","decl":{"start":{"line":14,"column":16},"end":{"line":14,"column":29}},"loc":{"start":{"line":14,"column":65},"end":{"line":57,"column":null}},"line":14},"1":{"name":"generateRoomId","decl":{"start":{"line":62,"column":9},"end":{"line":62,"column":34}},"loc":{"start":{"line":62,"column":34},"end":{"line":64,"column":null}},"line":62},"2":{"name":"createGameRoom","decl":{"start":{"line":69,"column":9},"end":{"line":69,"column":null}},"loc":{"start":{"line":74,"column":8},"end":{"line":95,"column":null}},"line":74},"3":{"name":"notifyMatchFound","decl":{"start":{"line":100,"column":9},"end":{"line":100,"column":null}},"loc":{"start":{"line":105,"column":8},"end":{"line":118,"column":null}},"line":105}},"branchMap":{"0":{"loc":{"start":{"line":16,"column":2},"end":{"line":16,"column":null}},"type":"if","locations":[{"start":{"line":16,"column":2},"end":{"line":16,"column":null}},{"start":{},"end":{}}],"line":16},"1":{"loc":{"start":{"line":25,"column":2},"end":{"line":32,"column":null}},"type":"if","locations":[{"start":{"line":25,"column":2},"end":{"line":32,"column":null}},{"start":{},"end":{}}],"line":25},"2":{"loc":{"start":{"line":27,"column":4},"end":{"line":29,"column":null}},"type":"if","locations":[{"start":{"line":27,"column":4},"end":{"line":29,"column":null}},{"start":{},"end":{}}],"line":27},"3":{"loc":{"start":{"line":35,"column":2},"end":{"line":40,"column":null}},"type":"if","locations":[{"start":{"line":35,"column":2},"end":{"line":40,"column":null}},{"start":{},"end":{}}],"line":35},"4":{"loc":{"start":{"line":78,"column":2},"end":{"line":94,"column":null}},"type":"switch","locations":[{"start":{"line":79,"column":4},"end":{"line":85,"column":null}},{"start":{"line":86,"column":4},"end":{"line":86,"column":null}},{"start":{"line":87,"column":4},"end":{"line":93,"column":null}}],"line":78},"5":{"loc":{"start":{"line":106,"column":2},"end":{"line":106,"column":null}},"type":"if","locations":[{"start":{"line":106,"column":2},"end":{"line":106,"column":null}},{"start":{},"end":{}}],"line":106}},"s":{"0":19,"1":19,"2":12,"3":7,"4":7,"5":7,"6":7,"7":1,"8":1,"9":1,"10":1,"11":1,"12":6,"13":1,"14":1,"15":1,"16":1,"17":5,"18":5,"19":5,"20":5,"21":5,"22":5,"23":5,"24":5,"25":5,"26":5,"27":1,"28":1,"29":4,"30":4,"31":10,"32":0,"33":10},"f":{"0":19,"1":5,"2":5,"3":10},"b":{"0":[12,7],"1":[1,6],"2":[1,0],"3":[1,5],"4":[1,4,4],"5":[0,10]},"meta":{"lastBranch":6,"lastFunction":4,"lastStatement":34,"seen":{"f:14:16:14:29":0,"s:15:18:15:Infinity":0,"b:16:2:16:Infinity:undefined:undefined:undefined:undefined":0,"s:16:2:16:Infinity":1,"s:16:16:16:Infinity":2,"s:18:29:18:Infinity":3,"s:21:18:21:Infinity":4,"s:22:18:22:Infinity":5,"b:25:2:32:Infinity:undefined:undefined:undefined:undefined":1,"s:25:2:32:Infinity":6,"s:26:4:26:Infinity":7,"b:27:4:29:Infinity:undefined:undefined:undefined:undefined":2,"s:27:4:29:Infinity":8,"s:28:6:28:Infinity":9,"s:30:4:30:Infinity":10,"s:31:4:31:Infinity":11,"b:35:2:40:Infinity:undefined:undefined:undefined:undefined":3,"s:35:2:40:Infinity":12,"s:36:4:36:Infinity":13,"s:37:4:37:Infinity":14,"s:38:4:38:Infinity":15,"s:39:4:39:Infinity":16,"s:43:17:43:Infinity":17,"s:46:2:46:Infinity":18,"s:49:2:49:Infinity":19,"s:50:2:50:Infinity":20,"s:52:2:52:Infinity":21,"s:55:2:55:Infinity":22,"s:56:2:56:Infinity":23,"f:62:9:62:34":1,"s:63:2:63:Infinity":24,"f:69:9:69:Infinity":2,"s:76:25:76:Infinity":25,"b:79:4:85:Infinity:86:4:86:Infinity:87:4:93:Infinity":4,"s:78:2:94:Infinity":26,"s:80:6:84:Infinity":27,"s:85:6:85:Infinity":28,"s:88:6:92:Infinity":29,"s:93:6:93:Infinity":30,"f:100:9:100:Infinity":3,"b:106:2:106:Infinity:undefined:undefined:undefined:undefined":5,"s:106:2:106:Infinity":31,"s:106:15:106:Infinity":32,"s:108:2:117:Infinity":33}}}
,"C:\\Users\\frois\\Desktop\\memo\\apps\\api\\src\\services\\queue.service.ts": {"path":"C:\\Users\\frois\\Desktop\\memo\\apps\\api\\src\\services\\queue.service.ts","statementMap":{"0":{"start":{"line":25,"column":25},"end":{"line":25,"column":null}},"1":{"start":{"line":26,"column":28},"end":{"line":26,"column":null}},"2":{"start":{"line":32,"column":44},"end":{"line":32,"column":null}},"3":{"start":{"line":33,"column":45},"end":{"line":33,"column":null}},"4":{"start":{"line":43,"column":4},"end":{"line":45,"column":null}},"5":{"start":{"line":44,"column":8},"end":{"line":44,"column":null}},"6":{"start":{"line":46,"column":4},"end":{"line":46,"column":null}},"7":{"start":{"line":54,"column":18},"end":{"line":54,"column":null}},"8":{"start":{"line":57,"column":4},"end":{"line":59,"column":null}},"9":{"start":{"line":57,"column":24},"end":{"line":57,"column":46}},"10":{"start":{"line":58,"column":8},"end":{"line":58,"column":null}},"11":{"start":{"line":61,"column":4},"end":{"line":61,"column":null}},"12":{"start":{"line":62,"column":4},"end":{"line":62,"column":null}},"13":{"start":{"line":69,"column":18},"end":{"line":69,"column":null}},"14":{"start":{"line":70,"column":18},"end":{"line":70,"column":null}},"15":{"start":{"line":70,"column":39},"end":{"line":70,"column":54}},"16":{"start":{"line":71,"column":4},"end":{"line":71,"column":null}},"17":{"start":{"line":78,"column":4},"end":{"line":84,"column":null}},"18":{"start":{"line":79,"column":22},"end":{"line":79,"column":null}},"19":{"start":{"line":79,"column":43},"end":{"line":79,"column":58}},"20":{"start":{"line":80,"column":8},"end":{"line":83,"column":null}},"21":{"start":{"line":81,"column":12},"end":{"line":81,"column":null}},"22":{"start":{"line":82,"column":12},"end":{"line":82,"column":null}},"23":{"start":{"line":91,"column":18},"end":{"line":91,"column":null}},"24":{"start":{"line":92,"column":4},"end":{"line":92,"column":null}},"25":{"start":{"line":92,"column":26},"end":{"line":92,"column":null}},"26":{"start":{"line":94,"column":20},"end":{"line":94,"column":null}},"27":{"start":{"line":95,"column":20},"end":{"line":95,"column":null}},"28":{"start":{"line":97,"column":4},"end":{"line":97,"column":null}},"29":{"start":{"line":104,"column":18},"end":{"line":104,"column":null}},"30":{"start":{"line":105,"column":4},"end":{"line":105,"column":null}},"31":{"start":{"line":112,"column":4},"end":{"line":114,"column":null}},"32":{"start":{"line":113,"column":8},"end":{"line":113,"column":null}},"33":{"start":{"line":115,"column":16},"end":{"line":115,"column":null}},"34":{"start":{"line":116,"column":4},"end":{"line":116,"column":null}},"35":{"start":{"line":116,"column":24},"end":{"line":116,"column":41}},"36":{"start":{"line":117,"column":4},"end":{"line":117,"column":null}},"37":{"start":{"line":124,"column":42},"end":{"line":124,"column":null}},"38":{"start":{"line":125,"column":4},"end":{"line":127,"column":null}},"39":{"start":{"line":126,"column":8},"end":{"line":126,"column":null}},"40":{"start":{"line":128,"column":4},"end":{"line":128,"column":null}},"41":{"start":{"line":139,"column":4},"end":{"line":139,"column":null}},"42":{"start":{"line":139,"column":25},"end":{"line":139,"column":null}},"43":{"start":{"line":141,"column":4},"end":{"line":143,"column":null}},"44":{"start":{"line":142,"column":8},"end":{"line":142,"column":null}},"45":{"start":{"line":145,"column":4},"end":{"line":145,"column":null}},"46":{"start":{"line":152,"column":16},"end":{"line":152,"column":null}},"47":{"start":{"line":153,"column":23},"end":{"line":153,"column":null}},"48":{"start":{"line":155,"column":4},"end":{"line":170,"column":null}},"49":{"start":{"line":156,"column":30},"end":{"line":156,"column":null}},"50":{"start":{"line":158,"column":29},"end":{"line":166,"column":null}},"51":{"start":{"line":159,"column":29},"end":{"line":159,"column":null}},"52":{"start":{"line":161,"column":12},"end":{"line":164,"column":null}},"53":{"start":{"line":162,"column":16},"end":{"line":162,"column":null}},"54":{"start":{"line":163,"column":16},"end":{"line":163,"column":null}},"55":{"start":{"line":165,"column":12},"end":{"line":165,"column":null}},"56":{"start":{"line":168,"column":8},"end":{"line":168,"column":null}},"57":{"start":{"line":169,"column":8},"end":{"line":169,"column":null}},"58":{"start":{"line":172,"column":4},"end":{"line":174,"column":null}},"59":{"start":{"line":173,"column":8},"end":{"line":173,"column":null}},"60":{"start":{"line":181,"column":19},"end":{"line":181,"column":null}},"61":{"start":{"line":182,"column":4},"end":{"line":188,"column":null}},"62":{"start":{"line":183,"column":8},"end":{"line":187,"column":null}},"63":{"start":{"line":195,"column":4},"end":{"line":198,"column":null}},"64":{"start":{"line":196,"column":8},"end":{"line":196,"column":null}},"65":{"start":{"line":197,"column":8},"end":{"line":197,"column":null}}},"fnMap":{"0":{"name":"getQueue","decl":{"start":{"line":42,"column":16},"end":{"line":42,"column":25}},"loc":{"start":{"line":42,"column":59},"end":{"line":47,"column":null}},"line":42},"1":{"name":"addPlayer","decl":{"start":{"line":53,"column":16},"end":{"line":53,"column":26}},"loc":{"start":{"line":53,"column":57},"end":{"line":63,"column":null}},"line":53},"2":{"name":"(anonymous_2)","decl":{"start":{"line":57,"column":19},"end":{"line":57,"column":24}},"loc":{"start":{"line":57,"column":24},"end":{"line":57,"column":46}},"line":57},"3":{"name":"getPlayerPosition","decl":{"start":{"line":68,"column":16},"end":{"line":68,"column":34}},"loc":{"start":{"line":68,"column":74},"end":{"line":72,"column":null}},"line":68},"4":{"name":"(anonymous_4)","decl":{"start":{"line":70,"column":34},"end":{"line":70,"column":39}},"loc":{"start":{"line":70,"column":39},"end":{"line":70,"column":54}},"line":70},"5":{"name":"removePlayer","decl":{"start":{"line":77,"column":16},"end":{"line":77,"column":29}},"loc":{"start":{"line":77,"column":49},"end":{"line":85,"column":null}},"line":77},"6":{"name":"(anonymous_6)","decl":{"start":{"line":78,"column":19},"end":{"line":78,"column":20}},"loc":{"start":{"line":78,"column":40},"end":{"line":84,"column":5}},"line":78},"7":{"name":"(anonymous_7)","decl":{"start":{"line":79,"column":38},"end":{"line":79,"column":43}},"loc":{"start":{"line":79,"column":43},"end":{"line":79,"column":58}},"line":79},"8":{"name":"takeTwoPlayers","decl":{"start":{"line":90,"column":16},"end":{"line":90,"column":31}},"loc":{"start":{"line":90,"column":86},"end":{"line":98,"column":null}},"line":90},"9":{"name":"returnToFront","decl":{"start":{"line":103,"column":16},"end":{"line":103,"column":30}},"loc":{"start":{"line":103,"column":58},"end":{"line":106,"column":null}},"line":103},"10":{"name":"getQueueSize","decl":{"start":{"line":111,"column":16},"end":{"line":111,"column":29}},"loc":{"start":{"line":111,"column":56},"end":{"line":118,"column":null}},"line":111},"11":{"name":"(anonymous_11)","decl":{"start":{"line":116,"column":19},"end":{"line":116,"column":24}},"loc":{"start":{"line":116,"column":24},"end":{"line":116,"column":41}},"line":116},"12":{"name":"getQueueStats","decl":{"start":{"line":123,"column":16},"end":{"line":123,"column":56}},"loc":{"start":{"line":123,"column":56},"end":{"line":129,"column":null}},"line":123},"13":{"name":"(anonymous_13)","decl":{"start":{"line":125,"column":19},"end":{"line":125,"column":20}},"loc":{"start":{"line":125,"column":40},"end":{"line":127,"column":5}},"line":125},"14":{"name":"startCleanup","decl":{"start":{"line":138,"column":16},"end":{"line":138,"column":29}},"loc":{"start":{"line":138,"column":47},"end":{"line":146,"column":null}},"line":138},"15":{"name":"(anonymous_15)","decl":{"start":{"line":141,"column":34},"end":{"line":141,"column":40}},"loc":{"start":{"line":141,"column":40},"end":{"line":143,"column":7}},"line":141},"16":{"name":"cleanupTimedOutPlayers","decl":{"start":{"line":151,"column":9},"end":{"line":151,"column":32}},"loc":{"start":{"line":151,"column":50},"end":{"line":175,"column":null}},"line":151},"17":{"name":"(anonymous_17)","decl":{"start":{"line":155,"column":19},"end":{"line":155,"column":20}},"loc":{"start":{"line":155,"column":40},"end":{"line":170,"column":5}},"line":155},"18":{"name":"(anonymous_18)","decl":{"start":{"line":158,"column":42},"end":{"line":158,"column":52}},"loc":{"start":{"line":158,"column":52},"end":{"line":166,"column":9}},"line":158},"19":{"name":"notifyTimeout","decl":{"start":{"line":180,"column":9},"end":{"line":180,"column":23}},"loc":{"start":{"line":180,"column":59},"end":{"line":189,"column":null}},"line":180},"20":{"name":"stopCleanup","decl":{"start":{"line":194,"column":16},"end":{"line":194,"column":36}},"loc":{"start":{"line":194,"column":36},"end":{"line":199,"column":null}},"line":194}},"branchMap":{"0":{"loc":{"start":{"line":43,"column":4},"end":{"line":45,"column":null}},"type":"if","locations":[{"start":{"line":43,"column":4},"end":{"line":45,"column":null}},{"start":{},"end":{}}],"line":43},"1":{"loc":{"start":{"line":57,"column":4},"end":{"line":59,"column":null}},"type":"if","locations":[{"start":{"line":57,"column":4},"end":{"line":59,"column":null}},{"start":{},"end":{}}],"line":57},"2":{"loc":{"start":{"line":71,"column":11},"end":{"line":71,"column":null}},"type":"cond-expr","locations":[{"start":{"line":71,"column":26},"end":{"line":71,"column":30}},{"start":{"line":71,"column":30},"end":{"line":71,"column":null}}],"line":71},"3":{"loc":{"start":{"line":80,"column":8},"end":{"line":83,"column":null}},"type":"if","locations":[{"start":{"line":80,"column":8},"end":{"line":83,"column":null}},{"start":{},"end":{}}],"line":80},"4":{"loc":{"start":{"line":92,"column":4},"end":{"line":92,"column":null}},"type":"if","locations":[{"start":{"line":92,"column":4},"end":{"line":92,"column":null}},{"start":{},"end":{}}],"line":92},"5":{"loc":{"start":{"line":112,"column":4},"end":{"line":114,"column":null}},"type":"if","locations":[{"start":{"line":112,"column":4},"end":{"line":114,"column":null}},{"start":{},"end":{}}],"line":112},"6":{"loc":{"start":{"line":113,"column":15},"end":{"line":113,"column":null}},"type":"binary-expr","locations":[{"start":{"line":113,"column":15},"end":{"line":113,"column":47}},{"start":{"line":113,"column":47},"end":{"line":113,"column":null}}],"line":113},"7":{"loc":{"start":{"line":139,"column":4},"end":{"line":139,"column":null}},"type":"if","locations":[{"start":{"line":139,"column":4},"end":{"line":139,"column":null}},{"start":{},"end":{}}],"line":139},"8":{"loc":{"start":{"line":161,"column":12},"end":{"line":164,"column":null}},"type":"if","locations":[{"start":{"line":161,"column":12},"end":{"line":164,"column":null}},{"start":{},"end":{}}],"line":161},"9":{"loc":{"start":{"line":172,"column":4},"end":{"line":174,"column":null}},"type":"if","locations":[{"start":{"line":172,"column":4},"end":{"line":174,"column":null}},{"start":{},"end":{}}],"line":172},"10":{"loc":{"start":{"line":182,"column":4},"end":{"line":188,"column":null}},"type":"if","locations":[{"start":{"line":182,"column":4},"end":{"line":188,"column":null}},{"start":{},"end":{}}],"line":182},"11":{"loc":{"start":{"line":195,"column":4},"end":{"line":198,"column":null}},"type":"if","locations":[{"start":{"line":195,"column":4},"end":{"line":198,"column":null}},{"start":{},"end":{}}],"line":195}},"s":{"0":3,"1":3,"2":3,"3":3,"4":79,"5":5,"6":79,"7":47,"8":47,"9":16,"10":2,"11":45,"12":45,"13":6,"14":6,"15":7,"16":6,"17":115,"18":147,"19":32,"20":147,"21":25,"22":25,"23":23,"24":23,"25":13,"26":10,"27":10,"28":10,"29":3,"30":3,"31":28,"32":27,"33":1,"34":1,"35":2,"36":1,"37":1,"38":1,"39":2,"40":1,"41":1,"42":0,"43":1,"44":1,"45":1,"46":1,"47":1,"48":1,"49":2,"50":2,"51":1,"52":1,"53":1,"54":1,"55":0,"56":2,"57":2,"58":1,"59":1,"60":1,"61":1,"62":1,"63":67,"64":1,"65":1},"f":{"0":79,"1":47,"2":16,"3":6,"4":7,"5":115,"6":147,"7":32,"8":23,"9":3,"10":28,"11":2,"12":1,"13":2,"14":1,"15":1,"16":1,"17":2,"18":1,"19":1,"20":67},"b":{"0":[5,74],"1":[2,45],"2":[1,5],"3":[25,122],"4":[13,10],"5":[27,1],"6":[27,8],"7":[0,1],"8":[1,0],"9":[1,0],"10":[1,0],"11":[1,66]},"meta":{"lastBranch":12,"lastFunction":21,"lastStatement":66,"seen":{"s:25:25:25:Infinity":0,"s:26:28:26:Infinity":1,"s:32:44:32:Infinity":2,"s:33:45:33:Infinity":3,"f:42:16:42:25":0,"b:43:4:45:Infinity:undefined:undefined:undefined:undefined":0,"s:43:4:45:Infinity":4,"s:44:8:44:Infinity":5,"s:46:4:46:Infinity":6,"f:53:16:53:26":1,"s:54:18:54:Infinity":7,"b:57:4:59:Infinity:undefined:undefined:undefined:undefined":1,"s:57:4:59:Infinity":8,"f:57:19:57:24":2,"s:57:24:57:46":9,"s:58:8:58:Infinity":10,"s:61:4:61:Infinity":11,"s:62:4:62:Infinity":12,"f:68:16:68:34":3,"s:69:18:69:Infinity":13,"s:70:18:70:Infinity":14,"f:70:34:70:39":4,"s:70:39:70:54":15,"s:71:4:71:Infinity":16,"b:71:26:71:30:71:30:71:Infinity":2,"f:77:16:77:29":5,"s:78:4:84:Infinity":17,"f:78:19:78:20":6,"s:79:22:79:Infinity":18,"f:79:38:79:43":7,"s:79:43:79:58":19,"b:80:8:83:Infinity:undefined:undefined:undefined:undefined":3,"s:80:8:83:Infinity":20,"s:81:12:81:Infinity":21,"s:82:12:82:Infinity":22,"f:90:16:90:31":8,"s:91:18:91:Infinity":23,"b:92:4:92:Infinity:undefined:undefined:undefined:undefined":4,"s:92:4:92:Infinity":24,"s:92:26:92:Infinity":25,"s:94:20:94:Infinity":26,"s:95:20:95:Infinity":27,"s:97:4:97:Infinity":28,"f:103:16:103:30":9,"s:104:18:104:Infinity":29,"s:105:4:105:Infinity":30,"f:111:16:111:29":10,"b:112:4:114:Infinity:undefined:undefined:undefined:undefined":5,"s:112:4:114:Infinity":31,"s:113:8:113:Infinity":32,"b:113:15:113:47:113:47:113:Infinity":6,"s:115:16:115:Infinity":33,"s:116:4:116:Infinity":34,"f:116:19:116:24":11,"s:116:24:116:41":35,"s:117:4:117:Infinity":36,"f:123:16:123:56":12,"s:124:42:124:Infinity":37,"s:125:4:127:Infinity":38,"f:125:19:125:20":13,"s:126:8:126:Infinity":39,"s:128:4:128:Infinity":40,"f:138:16:138:29":14,"b:139:4:139:Infinity:undefined:undefined:undefined:undefined":7,"s:139:4:139:Infinity":41,"s:139:25:139:Infinity":42,"s:141:4:143:Infinity":43,"f:141:34:141:40":15,"s:142:8:142:Infinity":44,"s:145:4:145:Infinity":45,"f:151:9:151:32":16,"s:152:16:152:Infinity":46,"s:153:23:153:Infinity":47,"s:155:4:170:Infinity":48,"f:155:19:155:20":17,"s:156:30:156:Infinity":49,"s:158:29:166:Infinity":50,"f:158:42:158:52":18,"s:159:29:159:Infinity":51,"b:161:12:164:Infinity:undefined:undefined:undefined:undefined":8,"s:161:12:164:Infinity":52,"s:162:16:162:Infinity":53,"s:163:16:163:Infinity":54,"s:165:12:165:Infinity":55,"s:168:8:168:Infinity":56,"s:169:8:169:Infinity":57,"b:172:4:174:Infinity:undefined:undefined:undefined:undefined":9,"s:172:4:174:Infinity":58,"s:173:8:173:Infinity":59,"f:180:9:180:23":19,"s:181:19:181:Infinity":60,"b:182:4:188:Infinity:undefined:undefined:undefined:undefined":10,"s:182:4:188:Infinity":61,"s:183:8:187:Infinity":62,"f:194:16:194:36":20,"b:195:4:198:Infinity:undefined:undefined:undefined:undefined":11,"s:195:4:198:Infinity":63,"s:196:8:196:Infinity":64,"s:197:8:197:Infinity":65}}}
,"C:\\Users\\frois\\Desktop\\memo\\apps\\api\\src\\services\\rate-limiter.service.ts": {"path":"C:\\Users\\frois\\Desktop\\memo\\apps\\api\\src\\services\\rate-limiter.service.ts","statementMap":{"0":{"start":{"line":12,"column":23},"end":{"line":12,"column":null}},"1":{"start":{"line":13,"column":29},"end":{"line":13,"column":null}},"2":{"start":{"line":16,"column":48},"end":{"line":16,"column":null}},"3":{"start":{"line":23,"column":16},"end":{"line":23,"column":null}},"4":{"start":{"line":24,"column":18},"end":{"line":24,"column":null}},"5":{"start":{"line":26,"column":4},"end":{"line":33,"column":null}},"6":{"start":{"line":28,"column":8},"end":{"line":31,"column":null}},"7":{"start":{"line":32,"column":8},"end":{"line":32,"column":null}},"8":{"start":{"line":35,"column":4},"end":{"line":38,"column":null}},"9":{"start":{"line":36,"column":8},"end":{"line":36,"column":null}},"10":{"start":{"line":37,"column":8},"end":{"line":37,"column":null}},"11":{"start":{"line":40,"column":4},"end":{"line":40,"column":null}},"12":{"start":{"line":41,"column":4},"end":{"line":41,"column":null}},"13":{"start":{"line":48,"column":16},"end":{"line":48,"column":null}},"14":{"start":{"line":49,"column":18},"end":{"line":49,"column":null}},"15":{"start":{"line":51,"column":4},"end":{"line":56,"column":null}},"16":{"start":{"line":52,"column":8},"end":{"line":55,"column":null}},"17":{"start":{"line":53,"column":12},"end":{"line":53,"column":null}},"18":{"start":{"line":54,"column":12},"end":{"line":54,"column":null}},"19":{"start":{"line":58,"column":4},"end":{"line":58,"column":null}},"20":{"start":{"line":65,"column":4},"end":{"line":65,"column":null}}},"fnMap":{"0":{"name":"checkRateLimit","decl":{"start":{"line":22,"column":16},"end":{"line":22,"column":31}},"loc":{"start":{"line":22,"column":56},"end":{"line":42,"column":null}},"line":22},"1":{"name":"cleanupRateLimits","decl":{"start":{"line":47,"column":16},"end":{"line":47,"column":44}},"loc":{"start":{"line":47,"column":44},"end":{"line":59,"column":null}},"line":47},"2":{"name":"(anonymous_2)","decl":{"start":{"line":51,"column":23},"end":{"line":51,"column":24}},"loc":{"start":{"line":51,"column":42},"end":{"line":56,"column":5}},"line":51},"3":{"name":"getRateLimitedCount","decl":{"start":{"line":64,"column":16},"end":{"line":64,"column":46}},"loc":{"start":{"line":64,"column":46},"end":{"line":66,"column":null}},"line":64}},"branchMap":{"0":{"loc":{"start":{"line":26,"column":4},"end":{"line":33,"column":null}},"type":"if","locations":[{"start":{"line":26,"column":4},"end":{"line":33,"column":null}},{"start":{},"end":{}}],"line":26},"1":{"loc":{"start":{"line":26,"column":8},"end":{"line":26,"column":39}},"type":"binary-expr","locations":[{"start":{"line":26,"column":8},"end":{"line":26,"column":18}},{"start":{"line":26,"column":18},"end":{"line":26,"column":39}}],"line":26},"2":{"loc":{"start":{"line":35,"column":4},"end":{"line":38,"column":null}},"type":"if","locations":[{"start":{"line":35,"column":4},"end":{"line":38,"column":null}},{"start":{},"end":{}}],"line":35},"3":{"loc":{"start":{"line":52,"column":8},"end":{"line":55,"column":null}},"type":"if","locations":[{"start":{"line":52,"column":8},"end":{"line":55,"column":null}},{"start":{},"end":{}}],"line":52}},"s":{"0":2,"1":2,"2":2,"3":65,"4":65,"5":65,"6":10,"7":10,"8":55,"9":19,"10":19,"11":36,"12":36,"13":2,"14":2,"15":2,"16":9,"17":6,"18":6,"19":2,"20":2},"f":{"0":65,"1":2,"2":9,"3":2},"b":{"0":[10,55],"1":[65,56],"2":[19,36],"3":[6,3]},"meta":{"lastBranch":4,"lastFunction":4,"lastStatement":21,"seen":{"s:12:23:12:Infinity":0,"s:13:29:13:Infinity":1,"s:16:48:16:Infinity":2,"f:22:16:22:31":0,"s:23:16:23:Infinity":3,"s:24:18:24:Infinity":4,"b:26:4:33:Infinity:undefined:undefined:undefined:undefined":0,"s:26:4:33:Infinity":5,"b:26:8:26:18:26:18:26:39":1,"s:28:8:31:Infinity":6,"s:32:8:32:Infinity":7,"b:35:4:38:Infinity:undefined:undefined:undefined:undefined":2,"s:35:4:38:Infinity":8,"s:36:8:36:Infinity":9,"s:37:8:37:Infinity":10,"s:40:4:40:Infinity":11,"s:41:4:41:Infinity":12,"f:47:16:47:44":1,"s:48:16:48:Infinity":13,"s:49:18:49:Infinity":14,"s:51:4:56:Infinity":15,"f:51:23:51:24":2,"b:52:8:55:Infinity:undefined:undefined:undefined:undefined":3,"s:52:8:55:Infinity":16,"s:53:12:53:Infinity":17,"s:54:12:54:Infinity":18,"s:58:4:58:Infinity":19,"f:64:16:64:46":3,"s:65:4:65:Infinity":20}}}
,"C:\\Users\\frois\\Desktop\\memo\\apps\\api\\src\\services\\room.service.ts": {"path":"C:\\Users\\frois\\Desktop\\memo\\apps\\api\\src\\services\\room.service.ts","statementMap":{"0":{"start":{"line":6,"column":41},"end":{"line":6,"column":null}},"1":{"start":{"line":9,"column":32},"end":{"line":9,"column":null}},"2":{"start":{"line":10,"column":28},"end":{"line":10,"column":null}},"3":{"start":{"line":11,"column":33},"end":{"line":11,"column":null}},"4":{"start":{"line":14,"column":45},"end":{"line":14,"column":null}},"5":{"start":{"line":20,"column":4},"end":{"line":20,"column":null}},"6":{"start":{"line":20,"column":25},"end":{"line":20,"column":null}},"7":{"start":{"line":22,"column":4},"end":{"line":52,"column":null}},"8":{"start":{"line":23,"column":20},"end":{"line":23,"column":null}},"9":{"start":{"line":24,"column":22},"end":{"line":24,"column":null}},"10":{"start":{"line":26,"column":8},"end":{"line":47,"column":null}},"11":{"start":{"line":27,"column":24},"end":{"line":27,"column":null}},"12":{"start":{"line":30,"column":12},"end":{"line":40,"column":null}},"13":{"start":{"line":31,"column":16},"end":{"line":31,"column":null}},"14":{"start":{"line":34,"column":16},"end":{"line":36,"column":null}},"15":{"start":{"line":38,"column":16},"end":{"line":38,"column":null}},"16":{"start":{"line":39,"column":16},"end":{"line":39,"column":null}},"17":{"start":{"line":43,"column":12},"end":{"line":46,"column":null}},"18":{"start":{"line":44,"column":16},"end":{"line":44,"column":null}},"19":{"start":{"line":45,"column":16},"end":{"line":45,"column":null}},"20":{"start":{"line":49,"column":8},"end":{"line":51,"column":null}},"21":{"start":{"line":50,"column":12},"end":{"line":50,"column":null}},"22":{"start":{"line":54,"column":4},"end":{"line":54,"column":null}},"23":{"start":{"line":68,"column":27},"end":{"line":82,"column":null}},"24":{"start":{"line":84,"column":4},"end":{"line":84,"column":null}},"25":{"start":{"line":85,"column":4},"end":{"line":85,"column":null}},"26":{"start":{"line":87,"column":4},"end":{"line":87,"column":null}},"27":{"start":{"line":91,"column":4},"end":{"line":99,"column":null}},"28":{"start":{"line":106,"column":4},"end":{"line":106,"column":null}},"29":{"start":{"line":113,"column":17},"end":{"line":113,"column":null}},"30":{"start":{"line":114,"column":4},"end":{"line":114,"column":null}},"31":{"start":{"line":114,"column":15},"end":{"line":114,"column":null}},"32":{"start":{"line":116,"column":19},"end":{"line":116,"column":null}},"33":{"start":{"line":116,"column":42},"end":{"line":116,"column":59}},"34":{"start":{"line":117,"column":4},"end":{"line":119,"column":null}},"35":{"start":{"line":118,"column":8},"end":{"line":118,"column":null}},"36":{"start":{"line":121,"column":4},"end":{"line":121,"column":null}},"37":{"start":{"line":121,"column":35},"end":{"line":121,"column":44}},"38":{"start":{"line":128,"column":17},"end":{"line":128,"column":null}},"39":{"start":{"line":129,"column":4},"end":{"line":129,"column":null}},"40":{"start":{"line":129,"column":15},"end":{"line":129,"column":null}},"41":{"start":{"line":131,"column":4},"end":{"line":131,"column":null}},"42":{"start":{"line":132,"column":4},"end":{"line":132,"column":null}},"43":{"start":{"line":139,"column":17},"end":{"line":139,"column":null}},"44":{"start":{"line":140,"column":4},"end":{"line":140,"column":null}},"45":{"start":{"line":140,"column":15},"end":{"line":140,"column":null}},"46":{"start":{"line":142,"column":4},"end":{"line":142,"column":null}},"47":{"start":{"line":143,"column":4},"end":{"line":143,"column":null}},"48":{"start":{"line":145,"column":4},"end":{"line":145,"column":null}},"49":{"start":{"line":152,"column":17},"end":{"line":152,"column":null}},"50":{"start":{"line":153,"column":4},"end":{"line":153,"column":null}},"51":{"start":{"line":153,"column":15},"end":{"line":153,"column":null}},"52":{"start":{"line":155,"column":4},"end":{"line":155,"column":null}},"53":{"start":{"line":155,"column":34},"end":{"line":155,"column":51}},"54":{"start":{"line":162,"column":17},"end":{"line":162,"column":null}},"55":{"start":{"line":163,"column":4},"end":{"line":163,"column":null}},"56":{"start":{"line":163,"column":15},"end":{"line":163,"column":null}},"57":{"start":{"line":165,"column":4},"end":{"line":165,"column":null}},"58":{"start":{"line":165,"column":34},"end":{"line":165,"column":51}},"59":{"start":{"line":172,"column":4},"end":{"line":172,"column":null}},"60":{"start":{"line":173,"column":4},"end":{"line":173,"column":null}},"61":{"start":{"line":183,"column":17},"end":{"line":183,"column":null}},"62":{"start":{"line":184,"column":4},"end":{"line":184,"column":null}},"63":{"start":{"line":184,"column":15},"end":{"line":184,"column":null}},"64":{"start":{"line":186,"column":4},"end":{"line":186,"column":null}},"65":{"start":{"line":186,"column":37},"end":{"line":186,"column":null}},"66":{"start":{"line":187,"column":4},"end":{"line":187,"column":null}},"67":{"start":{"line":187,"column":37},"end":{"line":187,"column":null}},"68":{"start":{"line":188,"column":4},"end":{"line":188,"column":null}},"69":{"start":{"line":188,"column":34},"end":{"line":188,"column":null}},"70":{"start":{"line":190,"column":4},"end":{"line":190,"column":null}},"71":{"start":{"line":197,"column":17},"end":{"line":197,"column":null}},"72":{"start":{"line":198,"column":4},"end":{"line":198,"column":null}},"73":{"start":{"line":198,"column":15},"end":{"line":198,"column":null}},"74":{"start":{"line":200,"column":4},"end":{"line":203,"column":null}},"75":{"start":{"line":201,"column":8},"end":{"line":201,"column":null}},"76":{"start":{"line":202,"column":8},"end":{"line":202,"column":null}},"77":{"start":{"line":214,"column":17},"end":{"line":214,"column":null}},"78":{"start":{"line":215,"column":4},"end":{"line":215,"column":null}},"79":{"start":{"line":215,"column":15},"end":{"line":215,"column":null}},"80":{"start":{"line":217,"column":19},"end":{"line":217,"column":null}},"81":{"start":{"line":217,"column":42},"end":{"line":217,"column":59}},"82":{"start":{"line":218,"column":4},"end":{"line":218,"column":null}},"83":{"start":{"line":218,"column":17},"end":{"line":218,"column":null}},"84":{"start":{"line":220,"column":4},"end":{"line":220,"column":null}},"85":{"start":{"line":221,"column":4},"end":{"line":221,"column":null}},"86":{"start":{"line":228,"column":18},"end":{"line":234,"column":null}},"87":{"start":{"line":236,"column":4},"end":{"line":240,"column":null}},"88":{"start":{"line":237,"column":8},"end":{"line":239,"column":null}},"89":{"start":{"line":238,"column":12},"end":{"line":238,"column":null}},"90":{"start":{"line":242,"column":4},"end":{"line":242,"column":null}}},"fnMap":{"0":{"name":"startRoomCleanup","decl":{"start":{"line":19,"column":16},"end":{"line":19,"column":33}},"loc":{"start":{"line":19,"column":51},"end":{"line":55,"column":null}},"line":19},"1":{"name":"(anonymous_1)","decl":{"start":{"line":22,"column":34},"end":{"line":22,"column":40}},"loc":{"start":{"line":22,"column":40},"end":{"line":52,"column":7}},"line":22},"2":{"name":"(anonymous_2)","decl":{"start":{"line":26,"column":26},"end":{"line":26,"column":27}},"loc":{"start":{"line":26,"column":44},"end":{"line":47,"column":9}},"line":26},"3":{"name":"createRoom","decl":{"start":{"line":61,"column":16},"end":{"line":61,"column":null}},"loc":{"start":{"line":67,"column":12},"end":{"line":88,"column":null}},"line":67},"4":{"name":"createPlayer","decl":{"start":{"line":90,"column":9},"end":{"line":90,"column":22}},"loc":{"start":{"line":90,"column":88},"end":{"line":100,"column":null}},"line":90},"5":{"name":"getRoom","decl":{"start":{"line":105,"column":16},"end":{"line":105,"column":24}},"loc":{"start":{"line":105,"column":62},"end":{"line":107,"column":null}},"line":105},"6":{"name":"setPlayerReady","decl":{"start":{"line":112,"column":16},"end":{"line":112,"column":31}},"loc":{"start":{"line":112,"column":74},"end":{"line":122,"column":null}},"line":112},"7":{"name":"(anonymous_7)","decl":{"start":{"line":116,"column":37},"end":{"line":116,"column":42}},"loc":{"start":{"line":116,"column":42},"end":{"line":116,"column":59}},"line":116},"8":{"name":"(anonymous_8)","decl":{"start":{"line":121,"column":30},"end":{"line":121,"column":35}},"loc":{"start":{"line":121,"column":35},"end":{"line":121,"column":44}},"line":121},"9":{"name":"startGame","decl":{"start":{"line":127,"column":16},"end":{"line":127,"column":26}},"loc":{"start":{"line":127,"column":64},"end":{"line":133,"column":null}},"line":127},"10":{"name":"endGame","decl":{"start":{"line":138,"column":16},"end":{"line":138,"column":24}},"loc":{"start":{"line":138,"column":80},"end":{"line":146,"column":null}},"line":138},"11":{"name":"getOpponent","decl":{"start":{"line":151,"column":16},"end":{"line":151,"column":28}},"loc":{"start":{"line":151,"column":86},"end":{"line":156,"column":null}},"line":151},"12":{"name":"(anonymous_12)","decl":{"start":{"line":155,"column":29},"end":{"line":155,"column":34}},"loc":{"start":{"line":155,"column":34},"end":{"line":155,"column":51}},"line":155},"13":{"name":"getPlayer","decl":{"start":{"line":161,"column":16},"end":{"line":161,"column":26}},"loc":{"start":{"line":161,"column":84},"end":{"line":166,"column":null}},"line":161},"14":{"name":"(anonymous_14)","decl":{"start":{"line":165,"column":29},"end":{"line":165,"column":34}},"loc":{"start":{"line":165,"column":34},"end":{"line":165,"column":51}},"line":165},"15":{"name":"removeRoom","decl":{"start":{"line":171,"column":16},"end":{"line":171,"column":27}},"loc":{"start":{"line":171,"column":49},"end":{"line":174,"column":null}},"line":171},"16":{"name":"updateRoomGameData","decl":{"start":{"line":179,"column":16},"end":{"line":179,"column":null}},"loc":{"start":{"line":182,"column":24},"end":{"line":191,"column":null}},"line":182},"17":{"name":"resetPlayersProgress","decl":{"start":{"line":196,"column":16},"end":{"line":196,"column":37}},"loc":{"start":{"line":196,"column":59},"end":{"line":204,"column":null}},"line":196},"18":{"name":"(anonymous_18)","decl":{"start":{"line":200,"column":25},"end":{"line":200,"column":30}},"loc":{"start":{"line":200,"column":30},"end":{"line":203,"column":5}},"line":200},"19":{"name":"updatePlayer","decl":{"start":{"line":209,"column":16},"end":{"line":209,"column":null}},"loc":{"start":{"line":213,"column":26},"end":{"line":222,"column":null}},"line":213},"20":{"name":"(anonymous_20)","decl":{"start":{"line":217,"column":37},"end":{"line":217,"column":42}},"loc":{"start":{"line":217,"column":42},"end":{"line":217,"column":59}},"line":217},"21":{"name":"getRoomStats","decl":{"start":{"line":227,"column":16},"end":{"line":227,"column":31}},"loc":{"start":{"line":227,"column":31},"end":{"line":243,"column":null}},"line":227},"22":{"name":"(anonymous_22)","decl":{"start":{"line":236,"column":22},"end":{"line":236,"column":30}},"loc":{"start":{"line":236,"column":30},"end":{"line":240,"column":5}},"line":236}},"branchMap":{"0":{"loc":{"start":{"line":20,"column":4},"end":{"line":20,"column":null}},"type":"if","locations":[{"start":{"line":20,"column":4},"end":{"line":20,"column":null}},{"start":{},"end":{}}],"line":20},"1":{"loc":{"start":{"line":30,"column":12},"end":{"line":40,"column":null}},"type":"if","locations":[{"start":{"line":30,"column":12},"end":{"line":40,"column":null}},{"start":{},"end":{}}],"line":30},"2":{"loc":{"start":{"line":30,"column":16},"end":{"line":30,"column":76}},"type":"binary-expr","locations":[{"start":{"line":30,"column":16},"end":{"line":30,"column":45}},{"start":{"line":30,"column":45},"end":{"line":30,"column":76}}],"line":30},"3":{"loc":{"start":{"line":43,"column":12},"end":{"line":46,"column":null}},"type":"if","locations":[{"start":{"line":43,"column":12},"end":{"line":46,"column":null}},{"start":{},"end":{}}],"line":43},"4":{"loc":{"start":{"line":43,"column":16},"end":{"line":43,"column":78}},"type":"binary-expr","locations":[{"start":{"line":43,"column":16},"end":{"line":43,"column":46}},{"start":{"line":43,"column":46},"end":{"line":43,"column":78}}],"line":43},"5":{"loc":{"start":{"line":49,"column":8},"end":{"line":51,"column":null}},"type":"if","locations":[{"start":{"line":49,"column":8},"end":{"line":51,"column":null}},{"start":{},"end":{}}],"line":49},"6":{"loc":{"start":{"line":114,"column":4},"end":{"line":114,"column":null}},"type":"if","locations":[{"start":{"line":114,"column":4},"end":{"line":114,"column":null}},{"start":{},"end":{}}],"line":114},"7":{"loc":{"start":{"line":117,"column":4},"end":{"line":119,"column":null}},"type":"if","locations":[{"start":{"line":117,"column":4},"end":{"line":119,"column":null}},{"start":{},"end":{}}],"line":117},"8":{"loc":{"start":{"line":129,"column":4},"end":{"line":129,"column":null}},"type":"if","locations":[{"start":{"line":129,"column":4},"end":{"line":129,"column":null}},{"start":{},"end":{}}],"line":129},"9":{"loc":{"start":{"line":140,"column":4},"end":{"line":140,"column":null}},"type":"if","locations":[{"start":{"line":140,"column":4},"end":{"line":140,"column":null}},{"start":{},"end":{}}],"line":140},"10":{"loc":{"start":{"line":153,"column":4},"end":{"line":153,"column":null}},"type":"if","locations":[{"start":{"line":153,"column":4},"end":{"line":153,"column":null}},{"start":{},"end":{}}],"line":153},"11":{"loc":{"start":{"line":163,"column":4},"end":{"line":163,"column":null}},"type":"if","locations":[{"start":{"line":163,"column":4},"end":{"line":163,"column":null}},{"start":{},"end":{}}],"line":163},"12":{"loc":{"start":{"line":184,"column":4},"end":{"line":184,"column":null}},"type":"if","locations":[{"start":{"line":184,"column":4},"end":{"line":184,"column":null}},{"start":{},"end":{}}],"line":184},"13":{"loc":{"start":{"line":186,"column":4},"end":{"line":186,"column":null}},"type":"if","locations":[{"start":{"line":186,"column":4},"end":{"line":186,"column":null}},{"start":{},"end":{}}],"line":186},"14":{"loc":{"start":{"line":187,"column":4},"end":{"line":187,"column":null}},"type":"if","locations":[{"start":{"line":187,"column":4},"end":{"line":187,"column":null}},{"start":{},"end":{}}],"line":187},"15":{"loc":{"start":{"line":188,"column":4},"end":{"line":188,"column":null}},"type":"if","locations":[{"start":{"line":188,"column":4},"end":{"line":188,"column":null}},{"start":{},"end":{}}],"line":188},"16":{"loc":{"start":{"line":198,"column":4},"end":{"line":198,"column":null}},"type":"if","locations":[{"start":{"line":198,"column":4},"end":{"line":198,"column":null}},{"start":{},"end":{}}],"line":198},"17":{"loc":{"start":{"line":215,"column":4},"end":{"line":215,"column":null}},"type":"if","locations":[{"start":{"line":215,"column":4},"end":{"line":215,"column":null}},{"start":{},"end":{}}],"line":215},"18":{"loc":{"start":{"line":218,"column":4},"end":{"line":218,"column":null}},"type":"if","locations":[{"start":{"line":218,"column":4},"end":{"line":218,"column":null}},{"start":{},"end":{}}],"line":218},"19":{"loc":{"start":{"line":237,"column":8},"end":{"line":239,"column":null}},"type":"if","locations":[{"start":{"line":237,"column":8},"end":{"line":239,"column":null}},{"start":{},"end":{}}],"line":237}},"s":{"0":3,"1":3,"2":3,"3":3,"4":3,"5":0,"6":0,"7":0,"8":0,"9":0,"10":0,"11":0,"12":0,"13":0,"14":0,"15":0,"16":0,"17":0,"18":0,"19":0,"20":0,"21":0,"22":0,"23":36,"24":36,"25":36,"26":36,"27":72,"28":20,"29":8,"30":8,"31":1,"32":7,"33":9,"34":7,"35":7,"36":7,"37":14,"38":7,"39":7,"40":1,"41":6,"42":6,"43":5,"44":5,"45":1,"46":4,"47":4,"48":4,"49":6,"50":6,"51":1,"52":5,"53":10,"54":7,"55":7,"56":0,"57":7,"58":8,"59":92,"60":92,"61":6,"62":6,"63":0,"64":6,"65":2,"66":6,"67":2,"68":6,"69":4,"70":6,"71":3,"72":3,"73":0,"74":3,"75":6,"76":6,"77":8,"78":8,"79":0,"80":8,"81":10,"82":8,"83":1,"84":7,"85":7,"86":1,"87":1,"88":2,"89":2,"90":1},"f":{"0":0,"1":0,"2":0,"3":36,"4":72,"5":20,"6":8,"7":9,"8":14,"9":7,"10":5,"11":6,"12":10,"13":7,"14":8,"15":92,"16":6,"17":3,"18":6,"19":8,"20":10,"21":1,"22":2},"b":{"0":[0,0],"1":[0,0],"2":[0,0],"3":[0,0],"4":[0,0],"5":[0,0],"6":[1,7],"7":[7,0],"8":[1,6],"9":[1,4],"10":[1,5],"11":[0,7],"12":[0,6],"13":[2,4],"14":[2,4],"15":[4,2],"16":[0,3],"17":[0,8],"18":[1,7],"19":[2,0]},"meta":{"lastBranch":20,"lastFunction":23,"lastStatement":91,"seen":{"s:6:41:6:Infinity":0,"s:9:32:9:Infinity":1,"s:10:28:10:Infinity":2,"s:11:33:11:Infinity":3,"s:14:45:14:Infinity":4,"f:19:16:19:33":0,"b:20:4:20:Infinity:undefined:undefined:undefined:undefined":0,"s:20:4:20:Infinity":5,"s:20:25:20:Infinity":6,"s:22:4:52:Infinity":7,"f:22:34:22:40":1,"s:23:20:23:Infinity":8,"s:24:22:24:Infinity":9,"s:26:8:47:Infinity":10,"f:26:26:26:27":2,"s:27:24:27:Infinity":11,"b:30:12:40:Infinity:undefined:undefined:undefined:undefined":1,"s:30:12:40:Infinity":12,"b:30:16:30:45:30:45:30:76":2,"s:31:16:31:Infinity":13,"s:34:16:36:Infinity":14,"s:38:16:38:Infinity":15,"s:39:16:39:Infinity":16,"b:43:12:46:Infinity:undefined:undefined:undefined:undefined":3,"s:43:12:46:Infinity":17,"b:43:16:43:46:43:46:43:78":4,"s:44:16:44:Infinity":18,"s:45:16:45:Infinity":19,"b:49:8:51:Infinity:undefined:undefined:undefined:undefined":5,"s:49:8:51:Infinity":20,"s:50:12:50:Infinity":21,"s:54:4:54:Infinity":22,"f:61:16:61:Infinity":3,"s:68:27:82:Infinity":23,"s:84:4:84:Infinity":24,"s:85:4:85:Infinity":25,"s:87:4:87:Infinity":26,"f:90:9:90:22":4,"s:91:4:99:Infinity":27,"f:105:16:105:24":5,"s:106:4:106:Infinity":28,"f:112:16:112:31":6,"s:113:17:113:Infinity":29,"b:114:4:114:Infinity:undefined:undefined:undefined:undefined":6,"s:114:4:114:Infinity":30,"s:114:15:114:Infinity":31,"s:116:19:116:Infinity":32,"f:116:37:116:42":7,"s:116:42:116:59":33,"b:117:4:119:Infinity:undefined:undefined:undefined:undefined":7,"s:117:4:119:Infinity":34,"s:118:8:118:Infinity":35,"s:121:4:121:Infinity":36,"f:121:30:121:35":8,"s:121:35:121:44":37,"f:127:16:127:26":9,"s:128:17:128:Infinity":38,"b:129:4:129:Infinity:undefined:undefined:undefined:undefined":8,"s:129:4:129:Infinity":39,"s:129:15:129:Infinity":40,"s:131:4:131:Infinity":41,"s:132:4:132:Infinity":42,"f:138:16:138:24":10,"s:139:17:139:Infinity":43,"b:140:4:140:Infinity:undefined:undefined:undefined:undefined":9,"s:140:4:140:Infinity":44,"s:140:15:140:Infinity":45,"s:142:4:142:Infinity":46,"s:143:4:143:Infinity":47,"s:145:4:145:Infinity":48,"f:151:16:151:28":11,"s:152:17:152:Infinity":49,"b:153:4:153:Infinity:undefined:undefined:undefined:undefined":10,"s:153:4:153:Infinity":50,"s:153:15:153:Infinity":51,"s:155:4:155:Infinity":52,"f:155:29:155:34":12,"s:155:34:155:51":53,"f:161:16:161:26":13,"s:162:17:162:Infinity":54,"b:163:4:163:Infinity:undefined:undefined:undefined:undefined":11,"s:163:4:163:Infinity":55,"s:163:15:163:Infinity":56,"s:165:4:165:Infinity":57,"f:165:29:165:34":14,"s:165:34:165:51":58,"f:171:16:171:27":15,"s:172:4:172:Infinity":59,"s:173:4:173:Infinity":60,"f:179:16:179:Infinity":16,"s:183:17:183:Infinity":61,"b:184:4:184:Infinity:undefined:undefined:undefined:undefined":12,"s:184:4:184:Infinity":62,"s:184:15:184:Infinity":63,"b:186:4:186:Infinity:undefined:undefined:undefined:undefined":13,"s:186:4:186:Infinity":64,"s:186:37:186:Infinity":65,"b:187:4:187:Infinity:undefined:undefined:undefined:undefined":14,"s:187:4:187:Infinity":66,"s:187:37:187:Infinity":67,"b:188:4:188:Infinity:undefined:undefined:undefined:undefined":15,"s:188:4:188:Infinity":68,"s:188:34:188:Infinity":69,"s:190:4:190:Infinity":70,"f:196:16:196:37":17,"s:197:17:197:Infinity":71,"b:198:4:198:Infinity:undefined:undefined:undefined:undefined":16,"s:198:4:198:Infinity":72,"s:198:15:198:Infinity":73,"s:200:4:203:Infinity":74,"f:200:25:200:30":18,"s:201:8:201:Infinity":75,"s:202:8:202:Infinity":76,"f:209:16:209:Infinity":19,"s:214:17:214:Infinity":77,"b:215:4:215:Infinity:undefined:undefined:undefined:undefined":17,"s:215:4:215:Infinity":78,"s:215:15:215:Infinity":79,"s:217:19:217:Infinity":80,"f:217:37:217:42":20,"s:217:42:217:59":81,"b:218:4:218:Infinity:undefined:undefined:undefined:undefined":18,"s:218:4:218:Infinity":82,"s:218:17:218:Infinity":83,"s:220:4:220:Infinity":84,"s:221:4:221:Infinity":85,"f:227:16:227:31":21,"s:228:18:234:Infinity":86,"s:236:4:240:Infinity":87,"f:236:22:236:30":22,"b:237:8:239:Infinity:undefined:undefined:undefined:undefined":19,"s:237:8:239:Infinity":88,"s:238:12:238:Infinity":89,"s:242:4:242:Infinity":90}}}
,"C:\\Users\\frois\\Desktop\\memo\\apps\\api\\src\\services\\games\\chimp-memory.service.ts": {"path":"C:\\Users\\frois\\Desktop\\memo\\apps\\api\\src\\services\\games\\chimp-memory.service.ts","statementMap":{"0":{"start":{"line":16,"column":18},"end":{"line":16,"column":null}},"1":{"start":{"line":17,"column":18},"end":{"line":17,"column":null}},"2":{"start":{"line":18,"column":20},"end":{"line":18,"column":null}},"3":{"start":{"line":19,"column":25},"end":{"line":19,"column":null}},"4":{"start":{"line":29,"column":4},"end":{"line":29,"column":null}},"5":{"start":{"line":40,"column":29},"end":{"line":45,"column":null}},"6":{"start":{"line":40,"column":76},"end":{"line":45,"column":4}},"7":{"start":{"line":48,"column":30},"end":{"line":48,"column":null}},"8":{"start":{"line":49,"column":2},"end":{"line":54,"column":null}},"9":{"start":{"line":50,"column":16},"end":{"line":50,"column":null}},"10":{"start":{"line":51,"column":4},"end":{"line":53,"column":null}},"11":{"start":{"line":52,"column":6},"end":{"line":52,"column":null}},"12":{"start":{"line":57,"column":2},"end":{"line":59,"column":null}},"13":{"start":{"line":58,"column":4},"end":{"line":58,"column":null}},"14":{"start":{"line":61,"column":2},"end":{"line":61,"column":null}},"15":{"start":{"line":69,"column":2},"end":{"line":69,"column":null}},"16":{"start":{"line":84,"column":23},"end":{"line":84,"column":null}},"17":{"start":{"line":85,"column":16},"end":{"line":85,"column":null}},"18":{"start":{"line":88,"column":15},"end":{"line":91,"column":null}},"19":{"start":{"line":94,"column":2},"end":{"line":101,"column":null}},"20":{"start":{"line":103,"column":2},"end":{"line":103,"column":null}},"21":{"start":{"line":110,"column":2},"end":{"line":110,"column":null}},"22":{"start":{"line":117,"column":2},"end":{"line":117,"column":null}},"23":{"start":{"line":139,"column":15},"end":{"line":139,"column":null}},"24":{"start":{"line":140,"column":20},"end":{"line":140,"column":null}},"25":{"start":{"line":142,"column":2},"end":{"line":149,"column":null}},"26":{"start":{"line":143,"column":4},"end":{"line":148,"column":null}},"27":{"start":{"line":151,"column":17},"end":{"line":151,"column":null}},"28":{"start":{"line":152,"column":19},"end":{"line":152,"column":null}},"29":{"start":{"line":154,"column":2},"end":{"line":161,"column":null}},"30":{"start":{"line":155,"column":4},"end":{"line":160,"column":null}},"31":{"start":{"line":163,"column":15},"end":{"line":163,"column":null}},"32":{"start":{"line":163,"column":43},"end":{"line":163,"column":58}},"33":{"start":{"line":164,"column":2},"end":{"line":166,"column":null}},"34":{"start":{"line":165,"column":4},"end":{"line":165,"column":null}},"35":{"start":{"line":169,"column":2},"end":{"line":197,"column":null}},"36":{"start":{"line":171,"column":4},"end":{"line":171,"column":null}},"37":{"start":{"line":172,"column":4},"end":{"line":172,"column":null}},"38":{"start":{"line":175,"column":4},"end":{"line":177,"column":null}},"39":{"start":{"line":179,"column":25},"end":{"line":179,"column":null}},"40":{"start":{"line":181,"column":4},"end":{"line":186,"column":null}},"41":{"start":{"line":189,"column":4},"end":{"line":189,"column":null}},"42":{"start":{"line":191,"column":4},"end":{"line":196,"column":null}},"43":{"start":{"line":208,"column":15},"end":{"line":208,"column":null}},"44":{"start":{"line":209,"column":20},"end":{"line":209,"column":null}},"45":{"start":{"line":211,"column":2},"end":{"line":211,"column":null}},"46":{"start":{"line":211,"column":27},"end":{"line":211,"column":null}},"47":{"start":{"line":213,"column":2},"end":{"line":217,"column":null}},"48":{"start":{"line":214,"column":4},"end":{"line":216,"column":null}},"49":{"start":{"line":215,"column":6},"end":{"line":215,"column":null}},"50":{"start":{"line":219,"column":2},"end":{"line":219,"column":null}},"51":{"start":{"line":226,"column":15},"end":{"line":226,"column":null}},"52":{"start":{"line":227,"column":20},"end":{"line":227,"column":null}},"53":{"start":{"line":229,"column":2},"end":{"line":229,"column":null}},"54":{"start":{"line":229,"column":27},"end":{"line":229,"column":null}},"55":{"start":{"line":231,"column":19},"end":{"line":231,"column":null}},"56":{"start":{"line":232,"column":26},"end":{"line":232,"column":null}},"57":{"start":{"line":233,"column":19},"end":{"line":233,"column":null}},"58":{"start":{"line":236,"column":2},"end":{"line":236,"column":null}},"59":{"start":{"line":237,"column":2},"end":{"line":237,"column":null}},"60":{"start":{"line":240,"column":2},"end":{"line":240,"column":null}},"61":{"start":{"line":241,"column":2},"end":{"line":241,"column":null}},"62":{"start":{"line":244,"column":2},"end":{"line":249,"column":null}},"63":{"start":{"line":245,"column":4},"end":{"line":248,"column":null}},"64":{"start":{"line":251,"column":2},"end":{"line":255,"column":null}},"65":{"start":{"line":262,"column":2},"end":{"line":262,"column":null}},"66":{"start":{"line":269,"column":20},"end":{"line":269,"column":null}},"67":{"start":{"line":270,"column":2},"end":{"line":270,"column":null}},"68":{"start":{"line":270,"column":18},"end":{"line":270,"column":null}},"69":{"start":{"line":272,"column":2},"end":{"line":272,"column":null}}},"fnMap":{"0":{"name":"generateCells","decl":{"start":{"line":38,"column":16},"end":{"line":38,"column":30}},"loc":{"start":{"line":38,"column":65},"end":{"line":62,"column":null}},"line":38},"1":{"name":"(anonymous_1)","decl":{"start":{"line":40,"column":65},"end":{"line":40,"column":66}},"loc":{"start":{"line":40,"column":76},"end":{"line":45,"column":4}},"line":40},"2":{"name":"(anonymous_2)","decl":{"start":{"line":57,"column":20},"end":{"line":57,"column":21}},"loc":{"start":{"line":57,"column":36},"end":{"line":59,"column":3}},"line":57},"3":{"name":"getNumbersCountForLevel","decl":{"start":{"line":67,"column":16},"end":{"line":67,"column":40}},"loc":{"start":{"line":67,"column":63},"end":{"line":70,"column":null}},"line":67},"4":{"name":"createGameRoom","decl":{"start":{"line":79,"column":16},"end":{"line":79,"column":null}},"loc":{"start":{"line":83,"column":2},"end":{"line":104,"column":null}},"line":83},"5":{"name":"getChimpRoomData","decl":{"start":{"line":109,"column":16},"end":{"line":109,"column":33}},"loc":{"start":{"line":109,"column":49},"end":{"line":111,"column":null}},"line":109},"6":{"name":"getCells","decl":{"start":{"line":116,"column":16},"end":{"line":116,"column":25}},"loc":{"start":{"line":116,"column":54},"end":{"line":118,"column":null}},"line":116},"7":{"name":"processMove","decl":{"start":{"line":134,"column":16},"end":{"line":134,"column":null}},"loc":{"start":{"line":138,"column":19},"end":{"line":198,"column":null}},"line":138},"8":{"name":"(anonymous_8)","decl":{"start":{"line":163,"column":36},"end":{"line":163,"column":37}},"loc":{"start":{"line":163,"column":43},"end":{"line":163,"column":58}},"line":163},"9":{"name":"areBothPlayersComplete","decl":{"start":{"line":207,"column":16},"end":{"line":207,"column":39}},"loc":{"start":{"line":207,"column":64},"end":{"line":220,"column":null}},"line":207},"10":{"name":"advanceToNextLevel","decl":{"start":{"line":225,"column":16},"end":{"line":225,"column":35}},"loc":{"start":{"line":225,"column":51},"end":{"line":256,"column":null}},"line":225},"11":{"name":"cleanupRoom","decl":{"start":{"line":261,"column":16},"end":{"line":261,"column":28}},"loc":{"start":{"line":261,"column":50},"end":{"line":263,"column":null}},"line":261},"12":{"name":"getPlayerProgress","decl":{"start":{"line":268,"column":16},"end":{"line":268,"column":34}},"loc":{"start":{"line":268,"column":68},"end":{"line":273,"column":null}},"line":268}},"branchMap":{"0":{"loc":{"start":{"line":51,"column":4},"end":{"line":53,"column":null}},"type":"if","locations":[{"start":{"line":51,"column":4},"end":{"line":53,"column":null}},{"start":{},"end":{}}],"line":51},"1":{"loc":{"start":{"line":117,"column":9},"end":{"line":117,"column":null}},"type":"binary-expr","locations":[{"start":{"line":117,"column":9},"end":{"line":117,"column":45}},{"start":{"line":117,"column":45},"end":{"line":117,"column":null}}],"line":117},"2":{"loc":{"start":{"line":142,"column":2},"end":{"line":149,"column":null}},"type":"if","locations":[{"start":{"line":142,"column":2},"end":{"line":149,"column":null}},{"start":{},"end":{}}],"line":142},"3":{"loc":{"start":{"line":142,"column":6},"end":{"line":142,"column":27}},"type":"binary-expr","locations":[{"start":{"line":142,"column":6},"end":{"line":142,"column":15}},{"start":{"line":142,"column":15},"end":{"line":142,"column":27}}],"line":142},"4":{"loc":{"start":{"line":154,"column":2},"end":{"line":161,"column":null}},"type":"if","locations":[{"start":{"line":154,"column":2},"end":{"line":161,"column":null}},{"start":{},"end":{}}],"line":154},"5":{"loc":{"start":{"line":154,"column":6},"end":{"line":154,"column":28}},"type":"binary-expr","locations":[{"start":{"line":154,"column":6},"end":{"line":154,"column":17}},{"start":{"line":154,"column":17},"end":{"line":154,"column":28}}],"line":154},"6":{"loc":{"start":{"line":164,"column":2},"end":{"line":166,"column":null}},"type":"if","locations":[{"start":{"line":164,"column":2},"end":{"line":166,"column":null}},{"start":{},"end":{}}],"line":164},"7":{"loc":{"start":{"line":164,"column":6},"end":{"line":164,"column":37}},"type":"binary-expr","locations":[{"start":{"line":164,"column":6},"end":{"line":164,"column":15}},{"start":{"line":164,"column":15},"end":{"line":164,"column":37}}],"line":164},"8":{"loc":{"start":{"line":169,"column":2},"end":{"line":197,"column":null}},"type":"if","locations":[{"start":{"line":169,"column":2},"end":{"line":197,"column":null}},{"start":{"line":187,"column":9},"end":{"line":197,"column":null}}],"line":169},"9":{"loc":{"start":{"line":211,"column":2},"end":{"line":211,"column":null}},"type":"if","locations":[{"start":{"line":211,"column":2},"end":{"line":211,"column":null}},{"start":{},"end":{}}],"line":211},"10":{"loc":{"start":{"line":211,"column":6},"end":{"line":211,"column":27}},"type":"binary-expr","locations":[{"start":{"line":211,"column":6},"end":{"line":211,"column":15}},{"start":{"line":211,"column":15},"end":{"line":211,"column":27}}],"line":211},"11":{"loc":{"start":{"line":214,"column":4},"end":{"line":216,"column":null}},"type":"if","locations":[{"start":{"line":214,"column":4},"end":{"line":216,"column":null}},{"start":{},"end":{}}],"line":214},"12":{"loc":{"start":{"line":229,"column":2},"end":{"line":229,"column":null}},"type":"if","locations":[{"start":{"line":229,"column":2},"end":{"line":229,"column":null}},{"start":{},"end":{}}],"line":229},"13":{"loc":{"start":{"line":229,"column":6},"end":{"line":229,"column":27}},"type":"binary-expr","locations":[{"start":{"line":229,"column":6},"end":{"line":229,"column":15}},{"start":{"line":229,"column":15},"end":{"line":229,"column":27}}],"line":229},"14":{"loc":{"start":{"line":270,"column":2},"end":{"line":270,"column":null}},"type":"if","locations":[{"start":{"line":270,"column":2},"end":{"line":270,"column":null}},{"start":{},"end":{}}],"line":270},"15":{"loc":{"start":{"line":272,"column":9},"end":{"line":272,"column":null}},"type":"binary-expr","locations":[{"start":{"line":272,"column":9},"end":{"line":272,"column":51}},{"start":{"line":272,"column":51},"end":{"line":272,"column":null}}],"line":272}},"s":{"0":1,"1":1,"2":1,"3":1,"4":1,"5":0,"6":0,"7":0,"8":0,"9":0,"10":0,"11":0,"12":0,"13":0,"14":0,"15":0,"16":0,"17":0,"18":0,"19":0,"20":0,"21":0,"22":0,"23":0,"24":0,"25":0,"26":0,"27":0,"28":0,"29":0,"30":0,"31":0,"32":0,"33":0,"34":0,"35":0,"36":0,"37":0,"38":0,"39":0,"40":0,"41":0,"42":0,"43":0,"44":0,"45":0,"46":0,"47":0,"48":0,"49":0,"50":0,"51":0,"52":0,"53":0,"54":0,"55":0,"56":0,"57":0,"58":0,"59":0,"60":0,"61":0,"62":0,"63":0,"64":0,"65":0,"66":0,"67":0,"68":0,"69":0},"f":{"0":0,"1":0,"2":0,"3":0,"4":0,"5":0,"6":0,"7":0,"8":0,"9":0,"10":0,"11":0,"12":0},"b":{"0":[0,0],"1":[0,0],"2":[0,0],"3":[0,0],"4":[0,0],"5":[0,0],"6":[0,0],"7":[0,0],"8":[0,0],"9":[0,0],"10":[0,0],"11":[0,0],"12":[0,0],"13":[0,0],"14":[0,0],"15":[0,0]},"meta":{"lastBranch":16,"lastFunction":13,"lastStatement":70,"seen":{"s:16:18:16:Infinity":0,"s:17:18:17:Infinity":1,"s:18:20:18:Infinity":2,"s:19:25:19:Infinity":3,"s:29:4:29:Infinity":4,"f:38:16:38:30":0,"s:40:29:45:Infinity":5,"f:40:65:40:66":1,"s:40:76:45:4":6,"s:48:30:48:Infinity":7,"s:49:2:54:Infinity":8,"s:50:16:50:Infinity":9,"b:51:4:53:Infinity:undefined:undefined:undefined:undefined":0,"s:51:4:53:Infinity":10,"s:52:6:52:Infinity":11,"s:57:2:59:Infinity":12,"f:57:20:57:21":2,"s:58:4:58:Infinity":13,"s:61:2:61:Infinity":14,"f:67:16:67:40":3,"s:69:2:69:Infinity":15,"f:79:16:79:Infinity":4,"s:84:23:84:Infinity":16,"s:85:16:85:Infinity":17,"s:88:15:91:Infinity":18,"s:94:2:101:Infinity":19,"s:103:2:103:Infinity":20,"f:109:16:109:33":5,"s:110:2:110:Infinity":21,"f:116:16:116:25":6,"s:117:2:117:Infinity":22,"b:117:9:117:45:117:45:117:Infinity":1,"f:134:16:134:Infinity":7,"s:139:15:139:Infinity":23,"s:140:20:140:Infinity":24,"b:142:2:149:Infinity:undefined:undefined:undefined:undefined":2,"s:142:2:149:Infinity":25,"b:142:6:142:15:142:15:142:27":3,"s:143:4:148:Infinity":26,"s:151:17:151:Infinity":27,"s:152:19:152:Infinity":28,"b:154:2:161:Infinity:undefined:undefined:undefined:undefined":4,"s:154:2:161:Infinity":29,"b:154:6:154:17:154:17:154:28":5,"s:155:4:160:Infinity":30,"s:163:15:163:Infinity":31,"f:163:36:163:37":8,"s:163:43:163:58":32,"b:164:2:166:Infinity:undefined:undefined:undefined:undefined":6,"s:164:2:166:Infinity":33,"b:164:6:164:15:164:15:164:37":7,"s:165:4:165:Infinity":34,"b:169:2:197:Infinity:187:9:197:Infinity":8,"s:169:2:197:Infinity":35,"s:171:4:171:Infinity":36,"s:172:4:172:Infinity":37,"s:175:4:177:Infinity":38,"s:179:25:179:Infinity":39,"s:181:4:186:Infinity":40,"s:189:4:189:Infinity":41,"s:191:4:196:Infinity":42,"f:207:16:207:39":9,"s:208:15:208:Infinity":43,"s:209:20:209:Infinity":44,"b:211:2:211:Infinity:undefined:undefined:undefined:undefined":9,"s:211:2:211:Infinity":45,"b:211:6:211:15:211:15:211:27":10,"s:211:27:211:Infinity":46,"s:213:2:217:Infinity":47,"b:214:4:216:Infinity:undefined:undefined:undefined:undefined":11,"s:214:4:216:Infinity":48,"s:215:6:215:Infinity":49,"s:219:2:219:Infinity":50,"f:225:16:225:35":10,"s:226:15:226:Infinity":51,"s:227:20:227:Infinity":52,"b:229:2:229:Infinity:undefined:undefined:undefined:undefined":12,"s:229:2:229:Infinity":53,"b:229:6:229:15:229:15:229:27":13,"s:229:27:229:Infinity":54,"s:231:19:231:Infinity":55,"s:232:26:232:Infinity":56,"s:233:19:233:Infinity":57,"s:236:2:236:Infinity":58,"s:237:2:237:Infinity":59,"s:240:2:240:Infinity":60,"s:241:2:241:Infinity":61,"s:244:2:249:Infinity":62,"s:245:4:248:Infinity":63,"s:251:2:255:Infinity":64,"f:261:16:261:28":11,"s:262:2:262:Infinity":65,"f:268:16:268:34":12,"s:269:20:269:Infinity":66,"b:270:2:270:Infinity:undefined:undefined:undefined:undefined":14,"s:270:2:270:Infinity":67,"s:270:18:270:Infinity":68,"s:272:2:272:Infinity":69,"b:272:9:272:51:272:51:272:Infinity":15}}}
,"C:\\Users\\frois\\Desktop\\memo\\apps\\api\\src\\services\\games\\sequence-memory.service.ts": {"path":"C:\\Users\\frois\\Desktop\\memo\\apps\\api\\src\\services\\games\\sequence-memory.service.ts","statementMap":{"0":{"start":{"line":20,"column":4},"end":{"line":20,"column":null}},"1":{"start":{"line":20,"column":20},"end":{"line":20,"column":null}},"2":{"start":{"line":21,"column":4},"end":{"line":21,"column":null}},"3":{"start":{"line":21,"column":20},"end":{"line":21,"column":null}},"4":{"start":{"line":22,"column":4},"end":{"line":22,"column":null}},"5":{"start":{"line":29,"column":21},"end":{"line":29,"column":null}},"6":{"start":{"line":30,"column":23},"end":{"line":30,"column":null}},"7":{"start":{"line":31,"column":27},"end":{"line":31,"column":null}},"8":{"start":{"line":33,"column":31},"end":{"line":33,"column":null}},"9":{"start":{"line":34,"column":4},"end":{"line":36,"column":null}},"10":{"start":{"line":34,"column":17},"end":{"line":34,"column":20}},"11":{"start":{"line":35,"column":8},"end":{"line":35,"column":null}},"12":{"start":{"line":38,"column":4},"end":{"line":38,"column":null}},"13":{"start":{"line":53,"column":24},"end":{"line":53,"column":null}},"14":{"start":{"line":54,"column":4},"end":{"line":54,"column":null}},"15":{"start":{"line":75,"column":17},"end":{"line":75,"column":null}},"16":{"start":{"line":76,"column":4},"end":{"line":76,"column":null}},"17":{"start":{"line":76,"column":15},"end":{"line":76,"column":null}},"18":{"start":{"line":78,"column":19},"end":{"line":78,"column":null}},"19":{"start":{"line":79,"column":4},"end":{"line":79,"column":null}},"20":{"start":{"line":79,"column":17},"end":{"line":79,"column":null}},"21":{"start":{"line":81,"column":25},"end":{"line":81,"column":null}},"22":{"start":{"line":83,"column":4},"end":{"line":105,"column":null}},"23":{"start":{"line":85,"column":25},"end":{"line":85,"column":null}},"24":{"start":{"line":86,"column":8},"end":{"line":86,"column":null}},"25":{"start":{"line":89,"column":27},"end":{"line":89,"column":null}},"26":{"start":{"line":91,"column":8},"end":{"line":95,"column":null}},"27":{"start":{"line":98,"column":8},"end":{"line":98,"column":null}},"28":{"start":{"line":100,"column":8},"end":{"line":104,"column":null}},"29":{"start":{"line":116,"column":17},"end":{"line":116,"column":null}},"30":{"start":{"line":117,"column":4},"end":{"line":117,"column":null}},"31":{"start":{"line":117,"column":15},"end":{"line":117,"column":null}},"32":{"start":{"line":119,"column":21},"end":{"line":119,"column":null}},"33":{"start":{"line":120,"column":35},"end":{"line":120,"column":null}},"34":{"start":{"line":122,"column":4},"end":{"line":122,"column":null}},"35":{"start":{"line":123,"column":4},"end":{"line":123,"column":null}},"36":{"start":{"line":125,"column":4},"end":{"line":125,"column":null}},"37":{"start":{"line":132,"column":17},"end":{"line":132,"column":null}},"38":{"start":{"line":133,"column":4},"end":{"line":133,"column":null}},"39":{"start":{"line":133,"column":15},"end":{"line":133,"column":null}},"40":{"start":{"line":135,"column":4},"end":{"line":135,"column":null}},"41":{"start":{"line":135,"column":35},"end":{"line":135,"column":73}}},"fnMap":{"0":{"name":"getGridSizeForLevel","decl":{"start":{"line":19,"column":16},"end":{"line":19,"column":36}},"loc":{"start":{"line":19,"column":59},"end":{"line":23,"column":null}},"line":19},"1":{"name":"generateSequence","decl":{"start":{"line":28,"column":16},"end":{"line":28,"column":33}},"loc":{"start":{"line":28,"column":90},"end":{"line":39,"column":null}},"line":28},"2":{"name":"createGameRoom","decl":{"start":{"line":48,"column":16},"end":{"line":48,"column":null}},"loc":{"start":{"line":52,"column":2},"end":{"line":55,"column":null}},"line":52},"3":{"name":"processMove","decl":{"start":{"line":70,"column":16},"end":{"line":70,"column":null}},"loc":{"start":{"line":74,"column":14},"end":{"line":106,"column":null}},"line":74},"4":{"name":"advanceToNextLevel","decl":{"start":{"line":115,"column":16},"end":{"line":115,"column":35}},"loc":{"start":{"line":115,"column":51},"end":{"line":126,"column":null}},"line":115},"5":{"name":"areBothPlayersComplete","decl":{"start":{"line":131,"column":16},"end":{"line":131,"column":39}},"loc":{"start":{"line":131,"column":64},"end":{"line":136,"column":null}},"line":131},"6":{"name":"(anonymous_6)","decl":{"start":{"line":135,"column":30},"end":{"line":135,"column":35}},"loc":{"start":{"line":135,"column":35},"end":{"line":135,"column":73}},"line":135}},"branchMap":{"0":{"loc":{"start":{"line":20,"column":4},"end":{"line":20,"column":null}},"type":"if","locations":[{"start":{"line":20,"column":4},"end":{"line":20,"column":null}},{"start":{},"end":{}}],"line":20},"1":{"loc":{"start":{"line":21,"column":4},"end":{"line":21,"column":null}},"type":"if","locations":[{"start":{"line":21,"column":4},"end":{"line":21,"column":null}},{"start":{},"end":{}}],"line":21},"2":{"loc":{"start":{"line":76,"column":4},"end":{"line":76,"column":null}},"type":"if","locations":[{"start":{"line":76,"column":4},"end":{"line":76,"column":null}},{"start":{},"end":{}}],"line":76},"3":{"loc":{"start":{"line":79,"column":4},"end":{"line":79,"column":null}},"type":"if","locations":[{"start":{"line":79,"column":4},"end":{"line":79,"column":null}},{"start":{},"end":{}}],"line":79},"4":{"loc":{"start":{"line":83,"column":4},"end":{"line":105,"column":null}},"type":"if","locations":[{"start":{"line":83,"column":4},"end":{"line":105,"column":null}},{"start":{"line":96,"column":11},"end":{"line":105,"column":null}}],"line":83},"5":{"loc":{"start":{"line":117,"column":4},"end":{"line":117,"column":null}},"type":"if","locations":[{"start":{"line":117,"column":4},"end":{"line":117,"column":null}},{"start":{},"end":{}}],"line":117},"6":{"loc":{"start":{"line":133,"column":4},"end":{"line":133,"column":null}},"type":"if","locations":[{"start":{"line":133,"column":4},"end":{"line":133,"column":null}},{"start":{},"end":{}}],"line":133}},"s":{"0":1,"1":1,"2":0,"3":0,"4":0,"5":1,"6":1,"7":1,"8":1,"9":1,"10":1,"11":1,"12":1,"13":1,"14":1,"15":0,"16":0,"17":0,"18":0,"19":0,"20":0,"21":0,"22":0,"23":0,"24":0,"25":0,"26":0,"27":0,"28":0,"29":0,"30":0,"31":0,"32":0,"33":0,"34":0,"35":0,"36":0,"37":0,"38":0,"39":0,"40":0,"41":0},"f":{"0":1,"1":1,"2":1,"3":0,"4":0,"5":0,"6":0},"b":{"0":[1,0],"1":[0,0],"2":[0,0],"3":[0,0],"4":[0,0],"5":[0,0],"6":[0,0]},"meta":{"lastBranch":7,"lastFunction":7,"lastStatement":42,"seen":{"f:19:16:19:36":0,"b:20:4:20:Infinity:undefined:undefined:undefined:undefined":0,"s:20:4:20:Infinity":0,"s:20:20:20:Infinity":1,"b:21:4:21:Infinity:undefined:undefined:undefined:undefined":1,"s:21:4:21:Infinity":2,"s:21:20:21:Infinity":3,"s:22:4:22:Infinity":4,"f:28:16:28:33":1,"s:29:21:29:Infinity":5,"s:30:23:30:Infinity":6,"s:31:27:31:Infinity":7,"s:33:31:33:Infinity":8,"s:34:4:36:Infinity":9,"s:34:17:34:20":10,"s:35:8:35:Infinity":11,"s:38:4:38:Infinity":12,"f:48:16:48:Infinity":2,"s:53:24:53:Infinity":13,"s:54:4:54:Infinity":14,"f:70:16:70:Infinity":3,"s:75:17:75:Infinity":15,"b:76:4:76:Infinity:undefined:undefined:undefined:undefined":2,"s:76:4:76:Infinity":16,"s:76:15:76:Infinity":17,"s:78:19:78:Infinity":18,"b:79:4:79:Infinity:undefined:undefined:undefined:undefined":3,"s:79:4:79:Infinity":19,"s:79:17:79:Infinity":20,"s:81:25:81:Infinity":21,"b:83:4:105:Infinity:96:11:105:Infinity":4,"s:83:4:105:Infinity":22,"s:85:25:85:Infinity":23,"s:86:8:86:Infinity":24,"s:89:27:89:Infinity":25,"s:91:8:95:Infinity":26,"s:98:8:98:Infinity":27,"s:100:8:104:Infinity":28,"f:115:16:115:35":4,"s:116:17:116:Infinity":29,"b:117:4:117:Infinity:undefined:undefined:undefined:undefined":5,"s:117:4:117:Infinity":30,"s:117:15:117:Infinity":31,"s:119:21:119:Infinity":32,"s:120:35:120:Infinity":33,"s:122:4:122:Infinity":34,"s:123:4:123:Infinity":35,"s:125:4:125:Infinity":36,"f:131:16:131:39":5,"s:132:17:132:Infinity":37,"b:133:4:133:Infinity:undefined:undefined:undefined:undefined":6,"s:133:4:133:Infinity":38,"s:133:15:133:Infinity":39,"s:135:4:135:Infinity":40,"f:135:30:135:35":6,"s:135:35:135:73":41}}}
,"C:\\Users\\frois\\Desktop\\memo\\apps\\api\\src\\sockets\\handlers\\arena.handler.ts": {"path":"C:\\Users\\frois\\Desktop\\memo\\apps\\api\\src\\sockets\\handlers\\arena.handler.ts","statementMap":{"0":{"start":{"line":14,"column":17},"end":{"line":14,"column":null}},"1":{"start":{"line":15,"column":17},"end":{"line":15,"column":null}},"2":{"start":{"line":16,"column":21},"end":{"line":16,"column":null}},"3":{"start":{"line":22,"column":4},"end":{"line":54,"column":null}},"4":{"start":{"line":24,"column":8},"end":{"line":27,"column":null}},"5":{"start":{"line":25,"column":12},"end":{"line":25,"column":null}},"6":{"start":{"line":26,"column":12},"end":{"line":26,"column":null}},"7":{"start":{"line":29,"column":29},"end":{"line":29,"column":null}},"8":{"start":{"line":30,"column":8},"end":{"line":30,"column":null}},"9":{"start":{"line":33,"column":22},"end":{"line":39,"column":null}},"10":{"start":{"line":41,"column":8},"end":{"line":46,"column":null}},"11":{"start":{"line":43,"column":29},"end":{"line":43,"column":null}},"12":{"start":{"line":44,"column":12},"end":{"line":44,"column":null}},"13":{"start":{"line":45,"column":12},"end":{"line":45,"column":null}},"14":{"start":{"line":49,"column":26},"end":{"line":49,"column":null}},"15":{"start":{"line":50,"column":8},"end":{"line":50,"column":null}},"16":{"start":{"line":53,"column":8},"end":{"line":53,"column":null}},"17":{"start":{"line":59,"column":4},"end":{"line":64,"column":null}},"18":{"start":{"line":60,"column":8},"end":{"line":60,"column":null}},"19":{"start":{"line":60,"column":47},"end":{"line":60,"column":null}},"20":{"start":{"line":62,"column":8},"end":{"line":62,"column":null}},"21":{"start":{"line":63,"column":8},"end":{"line":63,"column":null}},"22":{"start":{"line":69,"column":4},"end":{"line":72,"column":null}},"23":{"start":{"line":70,"column":8},"end":{"line":70,"column":null}},"24":{"start":{"line":71,"column":8},"end":{"line":71,"column":null}},"25":{"start":{"line":81,"column":4},"end":{"line":81,"column":null}},"26":{"start":{"line":84,"column":18},"end":{"line":84,"column":null}},"27":{"start":{"line":85,"column":4},"end":{"line":97,"column":null}},"28":{"start":{"line":86,"column":8},"end":{"line":96,"column":null}},"29":{"start":{"line":87,"column":25},"end":{"line":87,"column":null}},"30":{"start":{"line":88,"column":12},"end":{"line":95,"column":null}},"31":{"start":{"line":89,"column":16},"end":{"line":89,"column":null}},"32":{"start":{"line":90,"column":16},"end":{"line":92,"column":null}},"33":{"start":{"line":94,"column":16},"end":{"line":94,"column":null}},"34":{"start":{"line":106,"column":4},"end":{"line":106,"column":null}},"35":{"start":{"line":110,"column":4},"end":{"line":114,"column":null}},"36":{"start":{"line":122,"column":4},"end":{"line":122,"column":null}},"37":{"start":{"line":126,"column":4},"end":{"line":130,"column":null}}},"fnMap":{"0":{"name":"registerArenaHandlers","decl":{"start":{"line":13,"column":16},"end":{"line":13,"column":38}},"loc":{"start":{"line":13,"column":66},"end
[...]
:null}},"1":{"start":{"line":20,"column":16},"end":{"line":20,"column":null}},"2":{"start":{"line":21,"column":2},"end":{"line":26,"column":null}},"3":{"start":{"line":22,"column":4},"end":{"line":22,"column":null}},"4":{"start":{"line":23,"column":4},"end":{"line":23,"column":null}},"5":{"start":{"line":24,"column":4},"end":{"line":24,"column":null}},"6":{"start":{"line":25,"column":4},"end":{"line":25,"column":null}},"7":{"start":{"line":34,"column":2},"end":{"line":34,"column":null}},"8":{"start":{"line":36,"column":17},"end":{"line":36,"column":null}},"9":{"start":{"line":39,"column":2},"end":{"line":42,"column":null}},"10":{"start":{"line":45,"column":19},"end":{"line":55,"column":null}},"11":{"start":{"line":46,"column":4},"end":{"line":46,"column":null}},"12":{"start":{"line":47,"column":4},"end":{"line":50,"column":null}},"13":{"start":{"line":52,"column":4},"end":{"line":54,"column":null}},"14":{"start":{"line":53,"column":6},"end":{"line":53,"column":null}},"15":{"start":{"line":58,"column":18},"end":{"line":61,"column":null}},"16":{"start":{"line":59,"column":4},"end":{"line":59,"column":null}},"17":{"start":{"line":60,"column":4},"end":{"line":60,"column":null}},"18":{"start":{"line":63,"column":2},"end":{"line":63,"column":null}},"19":{"start":{"line":64,"column":2},"end":{"line":64,"column":null}},"20":{"start":{"line":71,"column":15},"end":{"line":71,"column":null}},"21":{"start":{"line":72,"column":2},"end":{"line":72,"column":null}},"22":{"start":{"line":72,"column":42},"end":{"line":72,"column":null}},"23":{"start":{"line":74,"column":2},"end":{"line":74,"column":null}},"24":{"start":{"line":77,"column":24},"end":{"line":77,"column":null}},"25":{"start":{"line":78,"column":24},"end":{"line":78,"column":null}},"26":{"start":{"line":80,"column":2},"end":{"line":94,"column":null}},"27":{"start":{"line":81,"column":22},"end":{"line":81,"column":null}},"28":{"start":{"line":82,"column":4},"end":{"line":89,"column":null}},"29":{"start":{"line":83,"column":24},"end":{"line":83,"column":null}},"30":{"start":{"line":84,"column":24},"end":{"line":84,"column":null}},"31":{"start":{"line":85,"column":6},"end":{"line":86,"column":null}},"32":{"start":{"line":87,"column":6},"end":{"line":88,"column":null}},"33":{"start":{"line":92,"column":4},"end":{"line":92,"column":null}},"34":{"start":{"line":93,"column":4},"end":{"line":93,"column":null}},"35":{"start":{"line":97,"column":32},"end":{"line":102,"column":null}},"36":{"start":{"line":105,"column":2},"end":{"line":105,"column":null}},"37":{"start":{"line":105,"column":29},"end":{"line":105,"column":null}},"38":{"start":{"line":107,"column":17},"end":{"line":107,"column":null}},"39":{"start":{"line":107,"column":42},"end":{"line":107,"column":59}},"40":{"start":{"line":108,"column":16},"end":{"line":108,"column":null}},"41":{"start":{"line":108,"column":41},"end":{"line":108,"column":57}},"42":{"start":{"line":110,"column":2},"end":{"line":130,"column":null}},"43":{"start":{"line":111,"column":4},"end":{"line":111,"column":null}},"44":{"start":{"line":113,"column":4},"end":{"line":113,"column":null}},"45":{"start":{"line":114,"column":4},"end":{"line":121,"column":null}},"46":{"start":{"line":123,"column":4},"end":{"line":123,"column":null}},"47":{"start":{"line":126,"column":4},"end":{"line":128,"column":null}},"48":{"start":{"line":127,"column":6},"end":{"line":127,"column":null}},"49":{"start":{"line":127,"column":23},"end":{"line":127,"column":56}},"50":{"start":{"line":129,"column":4},"end":{"line":129,"column":null}},"51":{"start":{"line":129,"column":21},"end":{"line":129,"column":53}},"52":{"start":{"line":142,"column":2},"end":{"line":142,"column":null}},"53":{"start":{"line":142,"column":13},"end":{"line":142,"column":null}},"54":{"start":{"line":144,"column":2},"end":{"line":146,"column":null}},"55":{"start":{"line":145,"column":4},"end":{"line":145,"column":null}},"56":{"start":{"line":148,"column":2},"end":{"line":150,"column":null}},"57":{"start":{"line":149,"column":4},"end":{"line":149,"column":null}},"58":{"start":{"line":152,"column":2},"end":{"line":169,"column":null}},"59":{"start":{"line":155,"column":6},"end":{"line":158,"column":null}},"60":{"start":{"line":160,"column":6},"end":{"line":163,"column":null}},"61":{"start":{"line":165,"column":4},"end":{"line":167,"column":null}},"62":{"start":{"line":166,"column":6},"end":{"line":166,"column":null}},"63":{"start":{"line":168,"column":4},"end":{"line":168,"column":null}},"64":{"start":{"line":172,"column":2},"end":{"line":172,"column":null}}},"fnMap":{"0":{"name":"clearRoundTimer","decl":{"start":{"line":19,"column":16},"end":{"line":19,"column":32}},"loc":{"start":{"line":19,"column":48},"end":{"line":27,"column":null}},"line":19},"1":{"name":"startRoundTimer","decl":{"start":{"line":32,"column":16},"end":{"line":32,"column":32}},"loc":{"start":{"line":32,"column":78},"end":{"line":65,"column":null}},"line":32},"2":{"name":"(anonymous_2)","decl":{"start":{"line":45,"column":31},"end":{"line":45,"column":37}},"loc":{"start":{"line":45,"column":37},"end":{"line":55,"column":5}},"line":45},"3":{"name":"(anonymous_3)","decl":{"start":{"line":58,"column":29},"end":{"line":58,"column":35}},"loc":{"start":{"line":58,"column":35},"end":{"line":61,"column":5}},"line":58},"4":{"name":"handleRoundTimeout","decl":{"start":{"line":70,"column":9},"end":{"line":70,"column":28}},"loc":{"start":{"line":70,"column":74},"end":{"line":131,"column":null}},"line":70},"5":{"name":"(anonymous_5)","decl":{"start":{"line":107,"column":35},"end":{"line":107,"column":36}},"loc":{"start":{"line":107,"column":42},"end":{"line":107,"column":59}},"line":107},"6":{"name":"(anonymous_6)","decl":{"start":{"line":108,"column":34},"end":{"line":108,"column":35}},"loc":{"start":{"line":108,"column":41},"end":{"line":108,"column":57}},"line":108},"7":{"name":"(anonymous_7)","decl":{"start":{"line":127,"column":17},"end":{"line":127,"column":23}},"loc":{"start":{"line":127,"column":23},"end":{"line":127,"column":56}},"line":127},"8":{"name":"(anonymous_8)","decl":{"start":{"line":129,"column":15},"end":{"line":129,"column":21}},"loc":{"start":{"line":129,"column":21},"end":{"line":129,"column":53}},"line":129},"9":{"name":"determineWinnerOnTimeout","decl":{"start":{"line":136,"column":9},"end":{"line":136,"column":null}},"loc":{"start":{"line":141,"column":55},"end":{"line":173,"column":null}},"line":141}},"branchMap":{"0":{"loc":{"start":{"line":21,"column":2},"end":{"line":26,"column":null}},"type":"if","locations":[{"start":{"line":21,"column":2},"end":{"line":26,"column":null}},{"start":{},"end":{}}],"line":21},"1":{"loc":{"start":{"line":52,"column":4},"end":{"line":54,"column":null}},"type":"if","locations":[{"start":{"line":52,"column":4},"end":{"line":54,"column":null}},{"start":{},"end":{}}],"line":52},"2":{"loc":{"start":{"line":72,"column":2},"end":{"line":72,"column":null}},"type":"if","locations":[{"start":{"line":72,"column":2},"end":{"line":72,"column":null}},{"start":{},"end":{}}],"line":72},"3":{"loc":{"start":{"line":72,"column":6},"end":{"line":72,"column":42}},"type":"binary-expr","locations":[{"start":{"line":72,"column":6},"end":{"line":72,"column":15}},{"start":{"line":72,"column":15},"end":{"line":72,"column":42}}],"line":72},"4":{"loc":{"start":{"line":80,"column":2},"end":{"line":94,"column":null}},"type":"if","locations":[{"start":{"line":80,"column":2},"end":{"line":94,"column":null}},{"start":{"line":90,"column":9},"end":{"line":94,"column":null}}],"line":80},"5":{"loc":{"start":{"line":82,"column":4},"end":{"line":89,"column":null}},"type":"if","locations":[{"start":{"line":82,"column":4},"end":{"line":89,"column":null}},{"start":{},"end":{}}],"line":82},"6":{"loc":{"start":{"line":86,"column":9},"end":{"line":86,"column":44}},"type":"binary-expr","locations":[{"start":{"line":86,"column":9},"end":{"line":86,"column":38}},{"start":{"line":86,"column":38},"end":{"line":86,"column":44}}],"line":86},"7":{"loc":{"start":{"line":88,"column":9},"end":{"line":88,"column":44}},"type":"binary-expr","locations":[{"start":{"line":88,"column":9},"end":{"line":88,"column":38}},{"start":{"line":88,"column":38},"end":{"line":88,"column":44}}],"line":88},"8":{"loc":{"start":{"line":105,"column":2},"end":{"line":105,"column":null}},"type":"if","locations":[{"start":{"line":105,"column":2},"end":{"line":105,"column":null}},{"start":{},"end":{}}],"line":105},"9":{"loc":{"start":{"line":105,"column":6},"end":{"line":105,"column":29}},"type":"binary-expr","locations":[{"start":{"line":105,"column":6},"end":{"line":105,"column":19}},{"start":{"line":105,"column":19},"end":{"line":105,"column":29}}],"line":105},"10":{"loc":{"start":{"line":110,"column":2},"end":{"line":130,"column":null}},"type":"if","locations":[{"start":{"line":110,"column":2},"end":{"line":130,"column":null}},{"start":{},"end":{}}],"line":110},"11":{"loc":{"start":{"line":110,"column":6},"end":{"line":110,"column":23}},"type":"binary-expr","locations":[{"start":{"line":110,"column":6},"end":{"line":110,"column":16}},{"start":{"line":110,"column":16},"end":{"line":110,"column":23}}],"line":110},"12":{"loc":{"start":{"line":126,"column":4},"end":{"line":128,"column":null}},"type":"if","locations":[{"start":{"line":126,"column":4},"end":{"line":128,"column":null}},{"start":{},"end":{}}],"line":126},"13":{"loc":{"start":{"line":142,"column":2},"end":{"line":142,"column":null}},"type":"if","locations":[{"start":{"line":142,"column":2},"end":{"line":142,"column":null}},{"start":{},"end":{}}],"line":142},"14":{"loc":{"start":{"line":144,"column":2},"end":{"line":146,"column":null}},"type":"if","locations":[{"start":{"line":144,"column":2},"end":{"line":146,"column":null}},{"start":{},"end":{}}],"line":144},"15":{"loc":{"start":{"line":144,"column":6},"end":{"line":144,"column":43}},"type":"binary-expr","locations":[{"start":{"line":144,"column":6},"end":{"line":144,"column":25}},{"start":{"line":144,"column":25},"end":{"line":144,"column":43}}],"line":144},"16":{"loc":{"start":{"line":148,"column":2},"end":{"line":150,"column":null}},"type":"if","locations":[{"start":{"line":148,"column":2},"end":{"line":150,"column":null}},{"start":{},"end":{}}],"line":148},"17":{"loc":{"start":{"line":148,"column":6},"end":{"line":148,"column":43}},"type":"binary-expr","locations":[{"start":{"line":148,"column":6},"end":{"line":148,"column":26}},{"start":{"line":148,"column":26},"end":{"line":148,"column":43}}],"line":148},"18":{"loc":{"start":{"line":152,"column":2},"end":{"line":169,"column":null}},"type":"if","locations":[{"start":{"line":152,"column":2},"end":{"line":169,"column":null}},{"start":{},"end":{}}],"line":152},"19":{"loc":{"start":{"line":152,"column":6},"end":{"line":152,"column":44}},"type":"binary-expr","locations":[{"start":{"line":152,"column":6},"end":{"line":152,"column":26}},{"start":{"line":152,"column":26},"end":{"line":152,"column":44}}],"line":152},"20":{"loc":{"start":{"line":155,"column":6},"end":{"line":158,"column":null}},"type":"cond-expr","locations":[{"start":{"line":156,"column":10},"end":{"line":157,"column":null}},{"start":{"line":158,"column":10},"end":{"line":158,"column":null}}],"line":155},"21":{"loc":{"start":{"line":156,"column":10},"end":{"line":157,"column":null}},"type":"binary-expr","locations":[{"start":{"line":156,"column":10},"end":{"line":157,"column":32}},{"start":{"line":157,"column":32},"end":{"line":157,"column":null}}],"line":156},"22":{"loc":{"start":{"line":160,"column":6},"end":{"line":163,"column":null}},"type":"cond-expr","locations":[{"start":{"line":161,"column":10},"end":{"line":162,"column":null}},{"start":{"line":163,"column":10},"end":{"line":163,"column":null}}],"line":160},"23":{"loc":{"start":{"line":161,"column":10},"end":{"line":162,"column":null}},"type":"binary-expr","locations":[{"start":{"line":161,"column":10},"end":{"line":162,"column":32}},{"start":{"line":162,"column":32},"end":{"line":162,"column":null}}],"line":161},"24":{"loc":{"start":{"line":165,"column":4},"end":{"line":167,"column":null}},"type":"if","locations":[{"start":{"line":165,"column":4},"end":{"line":167,"column":null}},{"start":{},"end":{}}],"line":165}},"s":{"0":0,"1":0,"2":0,"3":0,"4":0,"5":0,"6":0,"7":0,"8":0,"9":0,"10":0,"11":0,"12":0,"13":0,"14":0,"15":0,"16":0,"17":0,"18":0,"19":0,"20":0,"21":0,"22":0,"23":0,"24":0,"25":0,"26":0,"27":0,"28":0,"29":0,"30":0,"31":0,"32":0,"33":0,"34":0,"35":0,"36":0,"37":0,"38":0,"39":0,"40":0,"41":0,"42":0,"43":0,"44":0,"45":0,"46":0,"47":0,"48":0,"49":0,"50":0,"51":0,"52":0,"53":0,"54":0,"55":0,"56":0,"57":0,"58":0,"59":0,"60":0,"61":0,"62":0,"63":0,"64":0},"f":{"0":0,"1":0,"2":0,"3":0,"4":0,"5":0,"6":0,"7":0,"8":0,"9":0},"b":{"0":[0,0],"1":[0,0],"2":[0,0],"3":[0,0],"4":[0,0],"5":[0,0],"6":[0,0],"7":[0,0],"8":[0,0],"9":[0,0],"10":[0,0],"11":[0,0],"12":[0,0],"13":[0,0],"14":[0,0],"15":[0,0],"16":[0,0],"17":[0,0],"18":[0,0],"19":[0,0],"20":[0,0],"21":[0,0],"22":[0,0],"23":[0,0],"24":[0,0]},"meta":{"lastBranch":25,"lastFunction":10,"lastStatement":65,"seen":{"s:14:4:14:Infinity":0,"f:19:16:19:32":0,"s:20:16:20:Infinity":1,"b:21:2:26:Infinity:undefined:undefined:undefined:undefined":0,"s:21:2:26:Infinity":2,"s:22:4:22:Infinity":3,"s:23:4:23:Infinity":4,"s:24:4:24:Infinity":5,"s:25:4:25:Infinity":6,"f:32:16:32:32":1,"s:34:2:34:Infinity":7,"s:36:17:36:Infinity":8,"s:39:2:42:Infinity":9,"s:45:19:55:Infinity":10,"f:45:31:45:37":2,"s:46:4:46:Infinity":11,"s:47:4:50:Infinity":12,"b:52:4:54:Infinity:undefined:undefined:undefined:undefined":1,"s:52:4:54:Infinity":13,"s:53:6:53:Infinity":14,"s:58:18:61:Infinity":15,"f:58:29:58:35":3,"s:59:4:59:Infinity":16,"s:60:4:60:Infinity":17,"s:63:2:63:Infinity":18,"s:64:2:64:Infinity":19,"f:70:9:70:28":4,"s:71:15:71:Infinity":20,"b:72:2:72:Infinity:undefined:undefined:undefined:undefined":2,"s:72:2:72:Infinity":21,"b:72:6:72:15:72:15:72:42":3,"s:72:42:72:Infinity":22,"s:74:2:74:Infinity":23,"s:77:24:77:Infinity":24,"s:78:24:78:Infinity":25,"b:80:2:94:Infinity:90:9:94:Infinity":4,"s:80:2:94:Infinity":26,"s:81:22:81:Infinity":27,"b:82:4:89:Infinity:undefined:undefined:undefined:undefined":5,"s:82:4:89:Infinity":28,"s:83:24:83:Infinity":29,"s:84:24:84:Infinity":30,"s:85:6:86:Infinity":31,"b:86:9:86:38:86:38:86:44":6,"s:87:6:88:Infinity":32,"b:88:9:88:38:88:38:88:44":7,"s:92:4:92:Infinity":33,"s:93:4:93:Infinity":34,"s:97:32:102:Infinity":35,"b:105:2:105:Infinity:undefined:undefined:undefined:undefined":8,"s:105:2:105:Infinity":36,"b:105:6:105:19:105:19:105:29":9,"s:105:29:105:Infinity":37,"s:107:17:107:Infinity":38,"f:107:35:107:36":5,"s:107:42:107:59":39,"s:108:16:108:Infinity":40,"f:108:34:108:35":6,"s:108:41:108:57":41,"b:110:2:130:Infinity:undefined:undefined:undefined:undefined":10,"s:110:2:130:Infinity":42,"b:110:6:110:16:110:16:110:23":11,"s:111:4:111:Infinity":43,"s:113:4:113:Infinity":44,"s:114:4:121:Infinity":45,"s:123:4:123:Infinity":46,"b:126:4:128:Infinity:undefined:undefined:undefined:undefined":12,"s:126:4:128:Infinity":47,"s:127:6:127:Infinity":48,"f:127:17:127:23":7,"s:127:23:127:56":49,"s:129:4:129:Infinity":50,"f:129:15:129:21":8,"s:129:21:129:53":51,"f:136:9:136:Infinity":9,"b:142:2:142:Infinity:undefined:undefined:undefined:undefined":13,"s:142:2:142:Infinity":52,"s:142:13:142:Infinity":53,"b:144:2:146:Infinity:undefined:undefined:undefined:undefined":14,"s:144:2:146:Infinity":54,"b:144:6:144:25:144:25:144:43":15,"s:145:4:145:Infinity":55,"b:148:2:150:Infinity:undefined:undefined:undefined:undefined":16,"s:148:2:150:Infinity":56,"b:148:6:148:26:148:26:148:43":17,"s:149:4:149:Infinity":57,"b:152:2:169:Infinity:undefined:undefined:undefined:undefined":18,"s:152:2:169:Infinity":58,"b:152:6:152:26:152:26:152:44":19,"s:155:6:158:Infinity":59,"b:156:10:157:Infinity:158:10:158:Infinity":20,"b:156:10:157:32:157:32:157:Infinity":21,"s:160:6:163:Infinity":60,"b:161:10:162:Infinity:163:10:163:Infinity":22,"b:161:10:162:32:162:32:162:Infinity":23,"b:165:4:167:Infinity:undefined:undefined:undefined:undefined":24,"s:165:4:167:Infinity":61,"s:166:6:166:Infinity":62,"s:168:4:168:Infinity":63,"s:172:2:172:Infinity":64}}}
,"C:\\Users\\frois\\Desktop\\memo\\apps\\api\\src\\sockets\\middleware\\auth.middleware.ts": {"path":"C:\\Users\\frois\\Desktop\\memo\\apps\\api\\src\\sockets\\middleware\\auth.middleware.ts","statementMap":{"0":{"start":{"line":17,"column":4},"end":{"line":60,"column":null}},"1":{"start":{"line":18,"column":22},"end":{"line":18,"column":null}},"2":{"start":{"line":20,"column":8},"end":{"line":23,"column":null}},"3":{"start":{"line":21,"column":12},"end":{"line":21,"column":null}},"4":{"start":{"line":22,"column":12},"end":{"line":22,"column":null}},"5":{"start":{"line":26,"column":24},"end":{"line":26,"column":null}},"6":{"start":{"line":28,"column":8},"end":{"line":30,"column":null}},"7":{"start":{"line":29,"column":12},"end":{"line":29,"column":null}},"8":{"start":{"line":33,"column":21},"end":{"line":33,"column":null}},"9":{"start":{"line":35,"column":8},"end":{"line":37,"column":null}},"10":{"start":{"line":36,"column":12},"end":{"line":36,"column":null}},"11":{"start":{"line":40,"column":8},"end":{"line":44,"column":null}},"12":{"start":{"line":46,"column":8},"end":{"line":46,"column":null}},"13":{"start":{"line":47,"column":8},"end":{"line":47,"column":null}},"14":{"start":{"line":49,"column":8},"end":{"line":49,"column":null}},"15":{"start":{"line":51,"column":8},"end":{"line":53,"column":null}},"16":{"start":{"line":52,"column":12},"end":{"line":52,"column":null}},"17":{"start":{"line":55,"column":8},"end":{"line":57,"column":null}},"18":{"start":{"line":56,"column":12},"end":{"line":56,"column":null}},"19":{"start":{"line":59,"column":8},"end":{"line":59,"column":null}}},"fnMap":{"0":{"name":"socketAuthMiddleware","decl":{"start":{"line":13,"column":22},"end":{"line":13,"column":null}},"loc":{"start":{"line":16,"column":2},"end":{"line":61,"column":null}},"line":16}},"branchMap":{"0":{"loc":{"start":{"line":20,"column":8},"end":{"line":23,"column":null}},"type":"if","locations":[{"start":{"line":20,"column":8},"end":{"line":23,"column":null}},{"start":{},"end":{}}],"line":20},"1":{"loc":{"start":{"line":28,"column":8},"end":{"line":30,"column":null}},"type":"if","locations":[{"start":{"line":28,"column":8},"end":{"line":30,"column":null}},{"start":{},"end":{}}],"line":28},"2":{"loc":{"start":{"line":35,"column":8},"end":{"line":37,"column":null}},"type":"if","locations":[{"start":{"line":35,"column":8},"end":{"line":37,"column":null}},{"start":{},"end":{}}],"line":35},"3":{"loc":{"start":{"line":51,"column":8},"end":{"line":53,"column":null}},"type":"if","locations":[{"start":{"line":51,"column":8},"end":{"line":53,"column":null}},{"start":{},"end":{}}],"line":51},"4":{"loc":{"start":{"line":55,"column":8},"end":{"line":57,"column":null}},"type":"if","locations":[{"start":{"line":55,"column":8},"end":{"line":57,"column":null}},{"start":{},"end":{}}],"line":55}},"s":{"0":0,"1":0,"2":0,"3":0,"4":0,"5":0,"6":0,"7":0,"8":0,"9":0,"10":0,"11":0,"12":0,"13":0,"14":0,"15":0,"16":0,"17":0,"18":0,"19":0},"f":{"0":0},"b":{"0":[0,0],"1":[0,0],"2":[0,0],"3":[0,0],"4":[0,0]},"meta":{"lastBranch":5,"lastFunction":1,"lastStatement":20,"seen":{"f:13:22:13:Infinity":0,"s:17:4:60:Infinity":0,"s:18:22:18:Infinity":1,"b:20:8:23:Infinity:undefined:undefined:undefined:undefined":0,"s:20:8:23:Infinity":2,"s:21:12:21:Infinity":3,"s:22:12:22:Infinity":4,"s:26:24:26:Infinity":5,"b:28:8:30:Infinity:undefined:undefined:undefined:undefined":1,"s:28:8:30:Infinity":6,"s:29:12:29:Infinity":7,"s:33:21:33:Infinity":8,"b:35:8:37:Infinity:undefined:undefined:undefined:undefined":2,"s:35:8:37:Infinity":9,"s:36:12:36:Infinity":10,"s:40:8:44:Infinity":11,"s:46:8:46:Infinity":12,"s:47:8:47:Infinity":13,"s:49:8:49:Infinity":14,"b:51:8:53:Infinity:undefined:undefined:undefined:undefined":3,"s:51:8:53:Infinity":15,"s:52:12:52:Infinity":16,"b:55:8:57:Infinity:undefined:undefined:undefined:undefined":4,"s:55:8:57:Infinity":17,"s:56:12:56:Infinity":18,"s:59:8:59:Infinity":19}}}
}
